::1 - - [Tue, 21 Jun 2022 02:35:34 GMT] 'POST /v1/auth/login HTTP/1.1' 200 56 '-' 'PostmanRuntime/7.29.0'
[Wed, 22 Jun 2022 16:00:58 GMT] 'POST /v1/auth/login' 200 56 'PostmanRuntime/7.29.0'
[Wed, 22 Jun 2022 16:01:25 GMT] 'POST /v1/auth/login' 200 56 'PostmanRuntime/7.29.0'
[Wed, 22 Jun 2022 16:06:31 GMT] 'POST /v1/auth/login' 200 56 'PostmanRuntime/7.29.0'
[Wed, 22 Jun 2022 16:07:21 GMT] 'POST /v1/auth/login' 200 56 'PostmanRuntime/7.29.0'
[Wed, 22 Jun 2022 16:07:44 GMT] 'POST /v1/auth/login' 200 56 'PostmanRuntime/7.29.0'
[Wed, 22 Jun 2022 16:08:16 GMT] 'POST /v1/auth/login' 200 56 'PostmanRuntime/7.29.0'
[Wed, 22 Jun 2022 16:10:13 GMT] 'POST /v1/auth/login' 200 56 'PostmanRuntime/7.29.0'
[Wed, 22 Jun 2022 16:15:40 GMT] 'POST /v1/auth/login' 200 56 'PostmanRuntime/7.29.0'
[Wed, 22 Jun 2022 16:17:49 GMT] 'POST /v1/auth/login' 200 56 'PostmanRuntime/7.29.0'
[Wed, 22 Jun 2022 16:18:54 GMT] 'POST /v1/auth/login' 200 56 'PostmanRuntime/7.29.0'
[Wed, 22 Jun 2022 16:19:29 GMT] 'POST /v1/auth/login' 500 1307 'PostmanRuntime/7.29.0'
[Wed, 22 Jun 2022 16:19:52 GMT] 'POST /v1/auth/login' 200 56 'PostmanRuntime/7.29.0'
[Wed, 22 Jun 2022 16:21:33 GMT] 'POST /v1/auth/login' 200 56 'PostmanRuntime/7.29.0'
[Wed, 22 Jun 2022 16:21:59 GMT] 'POST /v1/auth/login' 200 56 'PostmanRuntime/7.29.0'
[Wed, 22 Jun 2022 16:22:12 GMT] 'POST /v1/auth/login?name=John' 200 56 'PostmanRuntime/7.29.0'
[Wed, 22 Jun 2022 16:22:38 GMT] 'POST /v1/auth/login?name=John' 200 56 'PostmanRuntime/7.29.0'
[Thu, 23 Jun 2022 23:42:36 GMT] 'POST /v1/auth/login?name=Elvis' 200 56 'PostmanRuntime/7.29.0'
[Thu, 23 Jun 2022 23:48:52 GMT] 'POST /v1/auth/login?name=Elvis' 200 56 'PostmanRuntime/7.29.0'
[Fri, 24 Jun 2022 00:10:46 GMT] 'POST /v1/auth/login?name=Elvis' 200 56 'PostmanRuntime/7.29.0'
[Fri, 24 Jun 2022 00:10:59 GMT] 'POST /v1/auth/login?name=Elvis' 200 56 'PostmanRuntime/7.29.0'
[Sat, 25 Jun 2022 00:06:38 GMT] 'POST /v1/auth/logining' 400 60 'PostmanRuntime/7.29.0'
[Sat, 25 Jun 2022 00:15:30 GMT] 'POST /v1/auth/logining' 400 56 'PostmanRuntime/7.29.0'
[Sat, 25 Jun 2022 01:54:47 GMT] 'POST /v1/auth/login' 200 56 'PostmanRuntime/7.29.0'
[Sat, 25 Jun 2022 01:54:53 GMT] 'GET /v1/auth/login' 400 53 'PostmanRuntime/7.29.0'
[Sat, 25 Jun 2022 02:05:48 GMT] 'GET /v1/auth/login' 400 53 'PostmanRuntime/7.29.0'
[Sat, 25 Jun 2022 02:05:57 GMT] 'GET /v1/auth/login' 400 53 'PostmanRuntime/7.29.0'
[Sat, 25 Jun 2022 02:08:15 GMT] 'GET /v1/auth/login' 400 57 'PostmanRuntime/7.29.0'
[Sat, 25 Jun 2022 02:08:31 GMT] 'GET /v1/auth/login' 400 57 'PostmanRuntime/7.29.0'
[Sat, 25 Jun 2022 02:14:55 GMT] 'POST /v1/auth/login' 200 56 'PostmanRuntime/7.29.0'
[Sat, 25 Jun 2022 02:15:03 GMT] 'GET /v1/auth/login' 400 57 'PostmanRuntime/7.29.0'
[Sat, 25 Jun 2022 02:15:29 GMT] 'GET /v1/auth/login' 404 152 'PostmanRuntime/7.29.0'
[Sat, 25 Jun 2022 02:18:33 GMT] 'GET /v1/auth/login' 400 57 'PostmanRuntime/7.29.0'
[Sat, 25 Jun 2022 02:28:55 GMT] 'GET /v1/auth/login' 500 1489 'PostmanRuntime/7.29.0'
[Sat, 25 Jun 2022 02:29:31 GMT] 'GET /v1/auth/login' 400 53 'PostmanRuntime/7.29.0'
[Sat, 25 Jun 2022 02:31:55 GMT] 'GET /v1/auth/login' 400 53 'PostmanRuntime/7.29.0'
[Sat, 25 Jun 2022 02:33:49 GMT] 'GET /v1/auth/login' 400 53 'PostmanRuntime/7.29.0'
[Sat, 25 Jun 2022 02:34:31 GMT] 'GET /v1/auth/login1' 400 54 'PostmanRuntime/7.29.0'
[Sat, 25 Jun 2022 02:39:46 GMT] 'GET /v1/auth/login1' 400 54 'PostmanRuntime/7.29.0'
[Sat, 25 Jun 2022 02:39:58 GMT] 'GET /v1/auth/login1' 404 54 'PostmanRuntime/7.29.0'
[Sat, 25 Jun 2022 02:40:07 GMT] 'GET /v1/auth/login' 405 35 'PostmanRuntime/7.29.0'
[Sat, 25 Jun 2022 02:40:24 GMT] 'POST /v1/auth/login' 200 56 'PostmanRuntime/7.29.0'
[Sat, 25 Jun 2022 10:30:17 GMT] 'POST /v1/auth/login' 200 56 'PostmanRuntime/7.29.0'
[Sat, 25 Jun 2022 10:30:29 GMT] 'GET /v1/auth/login' 500 1468 'PostmanRuntime/7.29.0'
[Sat, 25 Jun 2022 10:53:00 GMT] 'GET /v1/auth/login' 500 1528 'PostmanRuntime/7.29.0'
[Sat, 25 Jun 2022 10:53:32 GMT] 'GET /v1/auth/login' 500 1486 'PostmanRuntime/7.29.0'
[Sat, 25 Jun 2022 10:53:56 GMT] 'GET /v1/auth/login' 500 1528 'PostmanRuntime/7.29.0'
[Sat, 25 Jun 2022 11:34:47 GMT] 'GET /v1/auth/login' 500 1483 'PostmanRuntime/7.29.0'
[Sat, 25 Jun 2022 12:22:41 GMT] 'GET /v1/auth/login' 500 1483 'PostmanRuntime/7.29.0'
[Sat, 25 Jun 2022 12:37:21 GMT] 'GET /v1/auth/login' 500 1528 'PostmanRuntime/7.29.0'
[Sat, 25 Jun 2022 12:38:06 GMT] 'GET /v1/auth/login' 500 1528 'PostmanRuntime/7.29.0'
[Sat, 25 Jun 2022 12:40:47 GMT] 'GET /v1/auth/login' 500 1533 'PostmanRuntime/7.29.0'
[Sat, 25 Jun 2022 12:41:16 GMT] 'GET /v1/auth/login' 500 1533 'PostmanRuntime/7.29.0'
[Sat, 25 Jun 2022 12:42:32 GMT] 'GET /v1/auth/login' 500 1500 'PostmanRuntime/7.29.0'
[Sat, 25 Jun 2022 12:44:09 GMT] 'GET /v1/auth/login' 500 1530 'PostmanRuntime/7.29.0'
[Sat, 25 Jun 2022 12:44:56 GMT] 'GET /v1/auth/login' 500 1531 'PostmanRuntime/7.29.0'
[Sat, 25 Jun 2022 12:45:25 GMT] 'GET /v1/auth/login' 500 1531 'PostmanRuntime/7.29.0'
[Sat, 25 Jun 2022 12:46:22 GMT] 'GET /v1/auth/login' 500 1531 'PostmanRuntime/7.29.0'
[Sat, 25 Jun 2022 12:46:35 GMT] 'GET /v1/auth/login' 500 1531 'PostmanRuntime/7.29.0'
[Sat, 25 Jun 2022 12:47:20 GMT] 'GET /v1/auth/login' 500 1531 'PostmanRuntime/7.29.0'
[Sat, 25 Jun 2022 12:50:27 GMT] 'GET /v1/auth/login' 500 1531 'PostmanRuntime/7.29.0'
[Sat, 25 Jun 2022 12:51:02 GMT] 'GET /v1/auth/login' 500 1531 'PostmanRuntime/7.29.0'
[Sat, 25 Jun 2022 12:51:40 GMT] 'GET /v1/auth/login' 500 212 'PostmanRuntime/7.29.0'
[Sat, 25 Jun 2022 12:53:39 GMT] 'GET /v1/auth/login' 500 212 'PostmanRuntime/7.29.0'
[Sat, 25 Jun 2022 12:54:12 GMT] 'GET /v1/auth/login' 500 212 'PostmanRuntime/7.29.0'
[Sat, 25 Jun 2022 21:03:09 GMT] 'GET /v1/auth/login' 500 1556 'PostmanRuntime/7.29.0'
[Sat, 25 Jun 2022 21:05:43 GMT] 'GET /v1/auth/login' 500 1494 'PostmanRuntime/7.29.0'
[Sat, 25 Jun 2022 21:06:03 GMT] 'GET /v1/auth/login' 500 1497 'PostmanRuntime/7.29.0'
[Sat, 25 Jun 2022 21:07:55 GMT] 'GET /v1/auth/login' 404 152 'PostmanRuntime/7.29.0'
[Sat, 25 Jun 2022 21:08:47 GMT] 'GET /v1/auth/login' 404 152 'PostmanRuntime/7.29.0'
[Sat, 25 Jun 2022 21:15:04 GMT] 'GET /v1/auth/login' 404 152 'PostmanRuntime/7.29.0'
[Sat, 25 Jun 2022 21:18:07 GMT] 'GET /v1/auth/login' 404 152 'PostmanRuntime/7.29.0'
[Sat, 25 Jun 2022 21:18:31 GMT] 'GET /v1/auth/login' 404 152 'PostmanRuntime/7.29.0'
[Sat, 25 Jun 2022 21:18:56 GMT] 'GET /v1/auth/login' 404 152 'PostmanRuntime/7.29.0'
[Sat, 25 Jun 2022 21:19:00 GMT] 'GET /v1/auth/login' 404 152 'PostmanRuntime/7.29.0'
[Sat, 25 Jun 2022 21:27:42 GMT] 'GET /v1/auth/login' 500 1212 'PostmanRuntime/7.29.0'
[Sat, 25 Jun 2022 22:45:33 GMT] 'GET /v1/auth/login' 404 152 'PostmanRuntime/7.29.0'
[Sat, 25 Jun 2022 22:58:00 GMT] 'GET /v1/auth/login' 500 1516 'PostmanRuntime/7.29.0'
[Sat, 25 Jun 2022 23:01:23 GMT] 'GET /v1/auth/login' 404 152 'PostmanRuntime/7.29.0'
[Sat, 25 Jun 2022 23:08:26 GMT] 'GET /v1/auth/login' 500 1226 'PostmanRuntime/7.29.0'
[Sat, 25 Jun 2022 23:13:31 GMT] 'GET /v1/auth/login' 500 1226 'PostmanRuntime/7.29.0'
[Sat, 25 Jun 2022 23:14:01 GMT] 'GET /v1/auth/login' 500 1226 'PostmanRuntime/7.29.0'
[Sat, 25 Jun 2022 23:16:10 GMT] 'GET /v1/auth/login' 405 48 'PostmanRuntime/7.29.0'
[Sat, 25 Jun 2022 23:45:21 GMT] 'GET /v1/auth/login' 405 30 'PostmanRuntime/7.29.0'
[Sat, 25 Jun 2022 23:48:35 GMT] 'GET /v1/auth/login' 405 65 'PostmanRuntime/7.29.0'
[Sat, 25 Jun 2022 23:48:59 GMT] 'POST /v1/auth/logini' 404 61 'PostmanRuntime/7.29.0'
[Sat, 25 Jun 2022 23:49:42 GMT] 'POST /v1/auth/logini' 404 1288 'PostmanRuntime/7.29.0'
[Sun, 26 Jun 2022 10:31:33 GMT] 'GET /v1/auth/login' 500 1488 'PostmanRuntime/7.29.0'
[Sun, 26 Jun 2022 10:32:21 GMT] 'GET /v1/auth/login' 500 1497 'PostmanRuntime/7.29.0'
[Sun, 26 Jun 2022 10:34:10 GMT] 'GET /v1/auth/login' 500 1497 'PostmanRuntime/7.29.0'
[Sun, 26 Jun 2022 10:34:49 GMT] 'GET /v1/auth/login' 500 1497 'PostmanRuntime/7.29.0'
[Sun, 26 Jun 2022 10:40:11 GMT] 'GET /v1/auth/login' 405 1303 'PostmanRuntime/7.29.0'
[Sun, 26 Jun 2022 10:40:29 GMT] 'POST /v1/auth/logina' 404 1296 'PostmanRuntime/7.29.0'
[Sun, 26 Jun 2022 10:40:36 GMT] 'POST /v1/auth/login' 200 56 'PostmanRuntime/7.29.0'
[Sun, 26 Jun 2022 11:18:37 GMT] 'POST /v1/auth/login' 200 56 'PostmanRuntime/7.29.0'
[Sun, 26 Jun 2022 11:18:44 GMT] 'GET /v1/auth/login' 500 1514 'PostmanRuntime/7.29.0'
[Sun, 26 Jun 2022 11:28:18 GMT] 'GET /v1/auth/login' 405 1303 'PostmanRuntime/7.29.0'
[Sun, 26 Jun 2022 11:28:34 GMT] 'POST /v1/auth/loginq' 404 1296 'PostmanRuntime/7.29.0'
[Sun, 26 Jun 2022 11:28:49 GMT] 'POST /v1/auth/login' 200 56 'PostmanRuntime/7.29.0'
[Sun, 26 Jun 2022 11:37:58 GMT] 'POST /v1/auth/loginq' 404 1298 'PostmanRuntime/7.29.0'
[Sun, 26 Jun 2022 11:39:27 GMT] 'POST /v1/auth/loginq' 404 1298 'PostmanRuntime/7.29.0'
[Sun, 26 Jun 2022 12:14:08 GMT] 'POST /v1/auth/login' 201 129 'PostmanRuntime/7.29.0'
[Sun, 26 Jun 2022 12:14:38 GMT] 'POST /v1/auth/login' 200 127 'PostmanRuntime/7.29.0'
[Sun, 26 Jun 2022 12:15:28 GMT] 'POST /v1/auth/login' 200 184 'PostmanRuntime/7.29.0'
[Tue, 28 Jun 2022 05:03:26 GMT] 'POST /v1/auth/login' 200 148 'PostmanRuntime/7.29.0'
[Tue, 28 Jun 2022 05:04:37 GMT] 'POST /v1/auth/login' 200 134 'PostmanRuntime/7.29.0'
[Thu, 30 Jun 2022 00:20:03 GMT] 'POST /v1/auth/login' 200 134 'PostmanRuntime/7.29.0'
[Thu, 30 Jun 2022 00:20:44 GMT] 'POST /v1/auth/login' 200 110 'PostmanRuntime/7.29.0'
[Thu, 30 Jun 2022 06:58:58 GMT] 'POST /v1/auth/login' 200 114 'PostmanRuntime/7.29.0'
[Thu, 30 Jun 2022 06:59:37 GMT] 'POST /v1/auth/login' 200 114 'PostmanRuntime/7.29.0'
[Thu, 30 Jun 2022 07:00:19 GMT] 'POST /v1/auth/login' 200 114 'PostmanRuntime/7.29.0'
[Thu, 30 Jun 2022 07:12:14 GMT] 'POST /v1/auth/login' 200 114 'PostmanRuntime/7.29.0'
[Thu, 30 Jun 2022 07:12:38 GMT] 'POST /v1/auth/login' 200 110 'PostmanRuntime/7.29.0'
[Thu, 30 Jun 2022 07:13:55 GMT] 'POST /v1/auth/login' 200 110 'PostmanRuntime/7.29.0'
[Thu, 30 Jun 2022 09:43:44 GMT] 'POST /v1/auth/login' 500 64 'PostmanRuntime/7.29.0'
[Thu, 30 Jun 2022 09:44:18 GMT] 'POST /v1/auth/login' 500 82 'PostmanRuntime/7.29.0'
[Thu, 30 Jun 2022 09:45:23 GMT] 'POST /v1/auth/login' 500 82 'PostmanRuntime/7.29.0'
[Thu, 30 Jun 2022 09:46:16 GMT] 'POST /v1/auth/login' 400 82 'PostmanRuntime/7.29.0'
[Thu, 30 Jun 2022 09:46:53 GMT] 'POST /v1/auth/login' - - 'PostmanRuntime/7.29.0'
[Thu, 30 Jun 2022 09:47:18 GMT] 'POST /v1/auth/login' - - 'PostmanRuntime/7.29.0'
[Thu, 30 Jun 2022 09:47:23 GMT] 'POST /v1/auth/login' 400 85 'PostmanRuntime/7.29.0'
[Thu, 30 Jun 2022 09:48:17 GMT] 'POST /v1/auth/login' 400 85 'PostmanRuntime/7.29.0'
[Thu, 30 Jun 2022 09:48:43 GMT] 'POST /v1/auth/login' 500 85 'PostmanRuntime/7.29.0'
[Thu, 30 Jun 2022 09:49:08 GMT] 'POST /v1/auth/login' 400 85 'PostmanRuntime/7.29.0'
[Thu, 30 Jun 2022 10:16:44 GMT] 'POST /v1/auth/login' 500 85 'PostmanRuntime/7.29.0'
[Thu, 30 Jun 2022 10:19:15 GMT] 'POST /v1/auth/login' 500 85 'PostmanRuntime/7.29.0'
[Thu, 30 Jun 2022 10:19:41 GMT] 'POST /v1/auth/login' 500 85 'PostmanRuntime/7.29.0'
[Thu, 30 Jun 2022 10:20:11 GMT] 'POST /v1/auth/login' 500 85 'PostmanRuntime/7.29.0'
[Thu, 30 Jun 2022 10:20:41 GMT] 'POST /v1/auth/login' 500 85 'PostmanRuntime/7.29.0'
[Thu, 30 Jun 2022 10:21:12 GMT] 'POST /v1/auth/login' 400 85 'PostmanRuntime/7.29.0'
[Thu, 30 Jun 2022 10:22:08 GMT] 'POST /v1/auth/login' 400 85 'PostmanRuntime/7.29.0'
[Thu, 30 Jun 2022 10:22:47 GMT] 'POST /v1/auth/login' 400 85 'PostmanRuntime/7.29.0'
[Thu, 30 Jun 2022 10:23:48 GMT] 'POST /v1/auth/login' 400 85 'PostmanRuntime/7.29.0'
[Thu, 30 Jun 2022 10:24:31 GMT] 'POST /v1/auth/login' 400 85 'PostmanRuntime/7.29.0'
[Thu, 30 Jun 2022 10:27:34 GMT] 'POST /v1/auth/login' 400 85 'PostmanRuntime/7.29.0'
[Thu, 30 Jun 2022 10:28:02 GMT] 'POST /v1/auth/login' 200 109 'PostmanRuntime/7.29.0'
[Thu, 30 Jun 2022 10:29:15 GMT] 'POST /v1/auth/login' 500 64 'PostmanRuntime/7.29.0'
[Thu, 30 Jun 2022 10:29:27 GMT] 'POST /v1/auth/login' 200 109 'PostmanRuntime/7.29.0'
[Thu, 30 Jun 2022 10:29:46 GMT] 'POST /v1/auth/login' 200 109 'PostmanRuntime/7.29.0'
[Thu, 30 Jun 2022 10:30:56 GMT] 'POST /v1/auth/login' 200 109 'PostmanRuntime/7.29.0'
[Thu, 30 Jun 2022 10:31:24 GMT] 'POST /v1/auth/login' 200 109 'PostmanRuntime/7.29.0'
[Thu, 30 Jun 2022 10:31:51 GMT] 'POST /v1/auth/login' 400 85 'PostmanRuntime/7.29.0'
[Thu, 30 Jun 2022 11:26:45 GMT] 'POST /v1/auth/login' 400 85 'PostmanRuntime/7.29.0'
[Thu, 30 Jun 2022 11:27:32 GMT] 'POST /v1/auth/login' 200 111 'PostmanRuntime/7.29.0'
[Thu, 30 Jun 2022 11:27:46 GMT] 'POST /v1/auth/login' 400 85 'PostmanRuntime/7.29.0'
[Thu, 30 Jun 2022 11:30:24 GMT] 'POST /v1/auth/login' 500 64 'PostmanRuntime/7.29.0'
[Thu, 30 Jun 2022 11:30:40 GMT] 'POST /v1/auth/login' 200 109 'PostmanRuntime/7.29.0'
[Thu, 30 Jun 2022 11:30:52 GMT] 'POST /v1/auth/login' 400 85 'PostmanRuntime/7.29.0'
[Thu, 30 Jun 2022 11:30:57 GMT] 'POST /v1/auth/login' 200 109 'PostmanRuntime/7.29.0'
[Thu, 30 Jun 2022 11:31:04 GMT] 'POST /v1/auth/login' 400 85 'PostmanRuntime/7.29.0'
[Thu, 30 Jun 2022 11:31:09 GMT] 'POST /v1/auth/login' 200 111 'PostmanRuntime/7.29.0'
[Thu, 30 Jun 2022 21:19:46 GMT] 'POST /v1/auth/login' 500 91 'PostmanRuntime/7.29.0'
[Thu, 30 Jun 2022 21:21:52 GMT] 'POST /v1/auth/login' 400 99 'PostmanRuntime/7.29.0'
[Thu, 30 Jun 2022 21:26:44 GMT] 'POST /v1/auth/login' 500 85 'PostmanRuntime/7.29.0'
[Thu, 30 Jun 2022 21:27:02 GMT] 'POST /v1/auth/login' 500 85 'PostmanRuntime/7.29.0'
[Fri, 01 Jul 2022 00:38:52 GMT] 'POST /v1/auth/login' 500 85 'PostmanRuntime/7.29.0'
[Fri, 01 Jul 2022 00:57:28 GMT] 'POST /v1/auth/login' 400 62 'PostmanRuntime/7.29.0'
[Fri, 01 Jul 2022 00:57:48 GMT] 'POST /v1/auth/login' 400 60 'PostmanRuntime/7.29.0'
[Fri, 01 Jul 2022 00:57:55 GMT] 'POST /v1/auth/login' 400 60 'PostmanRuntime/7.29.0'
[Fri, 01 Jul 2022 00:58:03 GMT] 'POST /v1/auth/login' 400 76 'PostmanRuntime/7.29.0'
[Fri, 01 Jul 2022 00:58:16 GMT] 'POST /v1/auth/login' 200 123 'PostmanRuntime/7.29.0'
[Fri, 01 Jul 2022 00:58:36 GMT] 'POST /v1/auth/login' 400 77 'PostmanRuntime/7.29.0'
[Fri, 01 Jul 2022 00:58:47 GMT] 'POST /v1/auth/login' 200 123 'PostmanRuntime/7.29.0'
[Fri, 01 Jul 2022 11:29:56 GMT] 'POST /v1/auth/login' 400 76 'PostmanRuntime/7.29.0'
[Fri, 01 Jul 2022 11:30:06 GMT] 'POST /v1/auth/login' 400 60 'PostmanRuntime/7.29.0'
[Fri, 01 Jul 2022 11:30:20 GMT] 'POST /v1/auth/login' 400 60 'PostmanRuntime/7.29.0'
[Fri, 01 Jul 2022 11:30:26 GMT] 'POST /v1/auth/login' 400 76 'PostmanRuntime/7.29.0'
[Fri, 01 Jul 2022 11:30:37 GMT] 'POST /v1/auth/login' 400 76 'PostmanRuntime/7.29.0'
[Fri, 01 Jul 2022 11:30:44 GMT] 'POST /v1/auth/login' 200 121 'PostmanRuntime/7.29.0'
[Fri, 01 Jul 2022 11:31:15 GMT] 'POST /v1/auth/login' 200 120 'PostmanRuntime/7.29.0'
[Fri, 01 Jul 2022 11:44:48 GMT] 'POST /v1/auth/login' 200 120 'PostmanRuntime/7.29.0'
[Fri, 01 Jul 2022 11:44:56 GMT] 'POST /v1/auth/login' 200 120 'PostmanRuntime/7.29.0'
[Fri, 01 Jul 2022 11:45:02 GMT] 'POST /v1/auth/login' 500 83 'PostmanRuntime/7.29.0'
[Fri, 01 Jul 2022 11:45:30 GMT] 'POST /v1/auth/login' 500 83 'PostmanRuntime/7.29.0'
[Fri, 01 Jul 2022 11:45:42 GMT] 'POST /v1/auth/login' 400 83 'PostmanRuntime/7.29.0'
[Fri, 01 Jul 2022 11:45:56 GMT] 'POST /v1/auth/login' 400 83 'PostmanRuntime/7.29.0'
[Fri, 01 Jul 2022 11:46:09 GMT] 'POST /v1/auth/login' 500 64 'PostmanRuntime/7.29.0'
[Fri, 01 Jul 2022 11:59:06 GMT] 'POST /v1/auth/login' 400 83 'PostmanRuntime/7.29.0'
[Fri, 01 Jul 2022 11:59:15 GMT] 'POST /v1/auth/login' 400 83 'PostmanRuntime/7.29.0'
[Fri, 01 Jul 2022 11:59:27 GMT] 'POST /v1/auth/login' 500 64 'PostmanRuntime/7.29.0'
[Fri, 01 Jul 2022 12:00:37 GMT] 'POST /v1/auth/login' 400 82 'PostmanRuntime/7.29.0'
[Fri, 01 Jul 2022 12:01:04 GMT] 'POST /v1/auth/login' 400 82 'PostmanRuntime/7.29.0'
[Fri, 01 Jul 2022 12:01:20 GMT] 'POST /v1/auth/login' 400 82 'PostmanRuntime/7.29.0'
[Fri, 01 Jul 2022 12:05:25 GMT] 'POST /v1/auth/login' 400 83 'PostmanRuntime/7.29.0'
[Fri, 01 Jul 2022 12:05:41 GMT] 'POST /v1/auth/login' 400 99 'PostmanRuntime/7.29.0'
[Fri, 01 Jul 2022 12:06:19 GMT] 'POST /v1/auth/login' 200 134 'PostmanRuntime/7.29.0'
[Fri, 01 Jul 2022 12:06:30 GMT] 'POST /v1/auth/login' 200 134 'PostmanRuntime/7.29.0'
[Fri, 01 Jul 2022 12:06:32 GMT] 'POST /v1/auth/login' 200 134 'PostmanRuntime/7.29.0'
[Fri, 01 Jul 2022 12:06:33 GMT] 'POST /v1/auth/login' 200 134 'PostmanRuntime/7.29.0'
[Fri, 01 Jul 2022 12:06:34 GMT] 'POST /v1/auth/login' 200 134 'PostmanRuntime/7.29.0'
[Fri, 01 Jul 2022 12:06:34 GMT] 'POST /v1/auth/login' 200 134 'PostmanRuntime/7.29.0'
[Fri, 01 Jul 2022 12:06:38 GMT] 'POST /v1/auth/login' 200 134 'PostmanRuntime/7.29.0'
[Fri, 01 Jul 2022 12:06:40 GMT] 'POST /v1/auth/login' 200 134 'PostmanRuntime/7.29.0'
[Fri, 01 Jul 2022 12:14:14 GMT] 'POST /v1/auth/login' 200 134 'PostmanRuntime/7.29.0'
[Fri, 01 Jul 2022 12:14:19 GMT] 'POST /v1/auth/login' 200 134 'PostmanRuntime/7.29.0'
[Fri, 01 Jul 2022 12:14:34 GMT] 'POST /v1/auth/login' 400 104 'PostmanRuntime/7.29.0'
[Fri, 01 Jul 2022 12:14:52 GMT] 'POST /v1/auth/login' 400 85 'PostmanRuntime/7.29.0'
[Fri, 01 Jul 2022 12:15:01 GMT] 'POST /v1/auth/login' 200 134 'PostmanRuntime/7.29.0'
[Fri, 01 Jul 2022 21:45:06 GMT] 'POST /v1/auth/signup' 200 12 'PostmanRuntime/7.29.0'
[Fri, 01 Jul 2022 21:45:13 GMT] 'POST /v1/auth/signup' 200 12 'PostmanRuntime/7.29.0'
[Fri, 01 Jul 2022 22:22:59 GMT] 'POST /v1/auth/login' 400 90 'PostmanRuntime/7.29.0'
[Fri, 01 Jul 2022 22:23:17 GMT] 'POST /v1/auth/login' 400 90 'PostmanRuntime/7.29.0'
[Fri, 01 Jul 2022 22:23:27 GMT] 'POST /v1/auth/login' 200 141 'PostmanRuntime/7.29.0'
[Fri, 01 Jul 2022 22:23:48 GMT] 'POST /v1/auth/login' 400 90 'PostmanRuntime/7.29.0'
[Fri, 01 Jul 2022 22:23:54 GMT] 'POST /v1/auth/login' 200 141 'PostmanRuntime/7.29.0'
[Fri, 01 Jul 2022 22:36:48 GMT] 'POST /v1/auth/signup' 200 168 'PostmanRuntime/7.29.0'
[Fri, 01 Jul 2022 22:36:54 GMT] 'POST /v1/auth/signup' 400 104 'PostmanRuntime/7.29.0'
[Fri, 01 Jul 2022 22:37:19 GMT] 'POST /v1/auth/signup' 200 165 'PostmanRuntime/7.29.0'
[Fri, 01 Jul 2022 22:37:32 GMT] 'POST /v1/auth/signup' 400 90 'PostmanRuntime/7.29.0'
[Fri, 01 Jul 2022 22:37:44 GMT] 'POST /v1/auth/signup' 200 168 'PostmanRuntime/7.29.0'
[Fri, 01 Jul 2022 23:20:07 GMT] 'POST /v1/auth/signup' 200 168 'PostmanRuntime/7.29.0'
[Fri, 01 Jul 2022 23:20:53 GMT] 'POST /v1/auth/signup' 200 168 'PostmanRuntime/7.29.0'
[Fri, 01 Jul 2022 23:25:17 GMT] 'POST /v1/auth/signup' 200 168 'PostmanRuntime/7.29.0'
[Fri, 01 Jul 2022 23:25:58 GMT] 'POST /v1/auth/signup' 200 168 'PostmanRuntime/7.29.0'
[Fri, 01 Jul 2022 23:26:36 GMT] 'POST /v1/auth/signup' 200 168 'PostmanRuntime/7.29.0'
[Fri, 01 Jul 2022 23:26:40 GMT] 'POST /v1/auth/signup' 200 168 'PostmanRuntime/7.29.0'
[Fri, 01 Jul 2022 23:35:33 GMT] 'POST /v1/auth/signup' 400 104 'PostmanRuntime/7.29.0'
[Fri, 01 Jul 2022 23:45:26 GMT] 'POST /v1/auth/signup' 400 104 'PostmanRuntime/7.29.0'
[Fri, 01 Jul 2022 23:46:03 GMT] 'POST /v1/auth/signup' 400 104 'PostmanRuntime/7.29.0'
[Sat, 02 Jul 2022 09:43:44 GMT] 'POST /v1/auth/signup' 500 64 'PostmanRuntime/7.29.0'
[Sat, 02 Jul 2022 09:44:25 GMT] 'POST /v1/auth/signup' 200 168 'PostmanRuntime/7.29.0'
[Sat, 02 Jul 2022 09:46:14 GMT] 'POST /v1/auth/signup' 200 168 'PostmanRuntime/7.29.0'
[Sat, 02 Jul 2022 09:47:01 GMT] 'POST /v1/auth/signup' 200 168 'PostmanRuntime/7.29.0'
[Sat, 02 Jul 2022 09:47:40 GMT] 'POST /v1/auth/signup' 200 141 'PostmanRuntime/7.29.0'
[Sat, 02 Jul 2022 09:51:22 GMT] 'POST /v1/auth/signup' 200 141 'PostmanRuntime/7.29.0'
[Sat, 02 Jul 2022 09:57:35 GMT] 'POST /v1/auth/signup' 200 141 'PostmanRuntime/7.29.0'
[Sat, 02 Jul 2022 10:00:11 GMT] 'POST /v1/auth/signup' 200 141 'PostmanRuntime/7.29.0'
[Sat, 02 Jul 2022 10:03:43 GMT] 'POST /v1/auth/signup' 200 141 'PostmanRuntime/7.29.0'
[Sat, 02 Jul 2022 10:04:42 GMT] 'POST /v1/auth/signup' 200 141 'PostmanRuntime/7.29.0'
[Sat, 02 Jul 2022 10:15:52 GMT] 'POST /v1/auth/signup' - - 'PostmanRuntime/7.29.0'
[Sat, 02 Jul 2022 10:22:44 GMT] 'POST /v1/auth/signup' 200 141 'PostmanRuntime/7.29.0'
[Sat, 02 Jul 2022 10:23:08 GMT] 'POST /v1/auth/signup' 200 141 'PostmanRuntime/7.29.0'
[Sat, 02 Jul 2022 10:23:28 GMT] 'POST /v1/auth/signup' 200 215 'PostmanRuntime/7.29.0'
[Sat, 02 Jul 2022 10:23:35 GMT] 'POST /v1/auth/signup' 200 215 'PostmanRuntime/7.29.0'
[Sat, 02 Jul 2022 10:23:37 GMT] 'POST /v1/auth/signup' 200 215 'PostmanRuntime/7.29.0'
[Sat, 02 Jul 2022 10:23:40 GMT] 'POST /v1/auth/signup' 200 215 'PostmanRuntime/7.29.0'
[Sat, 02 Jul 2022 10:23:44 GMT] 'POST /v1/auth/signup' 200 215 'PostmanRuntime/7.29.0'
[Sat, 02 Jul 2022 10:23:46 GMT] 'POST /v1/auth/signup' 200 215 'PostmanRuntime/7.29.0'
[Sat, 02 Jul 2022 10:23:47 GMT] 'POST /v1/auth/signup' 200 215 'PostmanRuntime/7.29.0'
[Sat, 02 Jul 2022 10:23:48 GMT] 'POST /v1/auth/signup' 200 215 'PostmanRuntime/7.29.0'
[Sat, 02 Jul 2022 10:23:49 GMT] 'POST /v1/auth/signup' 200 215 'PostmanRuntime/7.29.0'
[Sat, 02 Jul 2022 10:23:49 GMT] 'POST /v1/auth/signup' 200 215 'PostmanRuntime/7.29.0'
[Sat, 02 Jul 2022 10:23:50 GMT] 'POST /v1/auth/signup' 200 215 'PostmanRuntime/7.29.0'
[Sat, 02 Jul 2022 10:23:53 GMT] 'POST /v1/auth/signup' 200 215 'PostmanRuntime/7.29.0'
[Sat, 02 Jul 2022 10:26:00 GMT] 'POST /v1/auth/signup' 200 215 'PostmanRuntime/7.29.0'
[Sat, 02 Jul 2022 10:26:09 GMT] 'POST /v1/auth/signup' 200 215 'PostmanRuntime/7.29.0'
[Sat, 02 Jul 2022 10:26:22 GMT] 'POST /v1/auth/signup' 200 168 'PostmanRuntime/7.29.0'
[Sat, 02 Jul 2022 10:26:26 GMT] 'POST /v1/auth/signup' 200 168 'PostmanRuntime/7.29.0'
[Sat, 02 Jul 2022 10:26:29 GMT] 'POST /v1/auth/signup' 200 168 'PostmanRuntime/7.29.0'
[Sat, 02 Jul 2022 10:27:36 GMT] 'POST /v1/auth/signup' 200 215 'PostmanRuntime/7.29.0'
[Sat, 02 Jul 2022 10:27:46 GMT] 'POST /v1/auth/signup' 200 215 'PostmanRuntime/7.29.0'
[Sat, 02 Jul 2022 10:35:53 GMT] 'POST /v1/auth/signup' 200 215 'PostmanRuntime/7.29.0'
[Sat, 02 Jul 2022 10:36:00 GMT] 'POST /v1/auth/signup' 200 215 'PostmanRuntime/7.29.0'
[Sat, 02 Jul 2022 10:36:04 GMT] 'POST /v1/auth/signup' 200 215 'PostmanRuntime/7.29.0'
[Sat, 02 Jul 2022 10:36:09 GMT] 'POST /v1/auth/signup' 200 215 'PostmanRuntime/7.29.0'
[Sat, 02 Jul 2022 10:46:58 GMT] 'POST /v1/auth/signup' 200 215 'PostmanRuntime/7.29.0'
[Sat, 02 Jul 2022 10:47:05 GMT] 'POST /v1/auth/signup' 200 215 'PostmanRuntime/7.29.0'
[Sat, 02 Jul 2022 10:47:11 GMT] 'POST /v1/auth/signup' 200 215 'PostmanRuntime/7.29.0'
[Sat, 02 Jul 2022 10:47:19 GMT] 'POST /v1/auth/signup' 200 215 'PostmanRuntime/7.29.0'
[Sat, 02 Jul 2022 10:47:24 GMT] 'POST /v1/auth/signup' 200 215 'PostmanRuntime/7.29.0'
[Sat, 02 Jul 2022 10:47:27 GMT] 'POST /v1/auth/signup' 200 215 'PostmanRuntime/7.29.0'
[Sat, 02 Jul 2022 10:47:38 GMT] 'POST /v1/auth/signup' 200 215 'PostmanRuntime/7.29.0'
[Sat, 02 Jul 2022 11:12:06 GMT] 'POST /v1/auth/signup' - - 'PostmanRuntime/7.29.0'
[Sat, 02 Jul 2022 11:13:44 GMT] 'POST /v1/auth/signup' - - 'PostmanRuntime/7.29.0'
[Sat, 02 Jul 2022 11:17:28 GMT] 'POST /v1/auth/signup' - - 'PostmanRuntime/7.29.0'
[Sat, 02 Jul 2022 11:20:28 GMT] 'POST /v1/auth/signup' 200 295 'PostmanRuntime/7.29.0'
[Sat, 02 Jul 2022 11:21:49 GMT] 'POST /v1/auth/signup' 200 364 'PostmanRuntime/7.29.0'
[Sat, 02 Jul 2022 11:27:26 GMT] 'POST /v1/auth/signup' - - 'PostmanRuntime/7.29.0'
[Sat, 02 Jul 2022 11:27:44 GMT] 'POST /v1/auth/signup' 200 363 'PostmanRuntime/7.29.0'
[Sat, 02 Jul 2022 11:28:13 GMT] 'POST /v1/auth/signup' 200 360 'PostmanRuntime/7.29.0'
[Sat, 02 Jul 2022 11:35:17 GMT] 'POST /v1/auth/signup' 400 103 'PostmanRuntime/7.29.0'
[Sat, 02 Jul 2022 11:38:35 GMT] 'POST /v1/auth/signup' 400 103 'PostmanRuntime/7.29.0'
[Sat, 02 Jul 2022 11:38:47 GMT] 'POST /v1/auth/signup' 400 102 'PostmanRuntime/7.29.0'
[Sat, 02 Jul 2022 11:39:00 GMT] 'POST /v1/auth/signup' 400 99 'PostmanRuntime/7.29.0'
[Sat, 02 Jul 2022 11:39:07 GMT] 'POST /v1/auth/signup' 400 100 'PostmanRuntime/7.29.0'
[Sat, 02 Jul 2022 11:39:17 GMT] 'POST /v1/auth/signup' 400 101 'PostmanRuntime/7.29.0'
[Sat, 02 Jul 2022 11:39:52 GMT] 'POST /v1/auth/signup' 400 101 'PostmanRuntime/7.29.0'
[Sat, 02 Jul 2022 11:40:33 GMT] 'POST /v1/auth/signup' 400 99 'PostmanRuntime/7.29.0'
[Sat, 02 Jul 2022 11:41:34 GMT] 'POST /v1/auth/signup' 400 99 'PostmanRuntime/7.29.0'
[Sat, 02 Jul 2022 11:42:24 GMT] 'POST /v1/auth/signup' 400 99 'PostmanRuntime/7.29.0'
[Sat, 02 Jul 2022 11:42:41 GMT] 'POST /v1/auth/signup' 400 99 'PostmanRuntime/7.29.0'
[Sat, 02 Jul 2022 11:42:51 GMT] 'POST /v1/auth/signup' 400 101 'PostmanRuntime/7.29.0'
[Sat, 02 Jul 2022 11:45:42 GMT] 'POST /v1/auth/signup' 400 101 'PostmanRuntime/7.29.0'
[Sat, 02 Jul 2022 11:46:34 GMT] 'POST /v1/auth/signup' 400 101 'PostmanRuntime/7.29.0'
[Sat, 02 Jul 2022 11:48:13 GMT] 'POST /v1/auth/signup' 200 362 'PostmanRuntime/7.29.0'
[Sat, 02 Jul 2022 11:53:37 GMT] 'POST /v1/auth/signup' - - 'PostmanRuntime/7.29.0'
[Sat, 02 Jul 2022 14:25:51 GMT] 'POST /v1/auth/signup' 400 61 'PostmanRuntime/7.29.0'
[Sat, 02 Jul 2022 14:28:41 GMT] 'POST /v1/auth/signup' 400 90 'PostmanRuntime/7.29.0'
[Sat, 02 Jul 2022 14:28:48 GMT] 'POST /v1/auth/signup' 400 90 'PostmanRuntime/7.29.0'
[Sat, 02 Jul 2022 15:33:38 GMT] 'POST /v1/auth/signup' 400 90 'PostmanRuntime/7.29.0'
[Sat, 02 Jul 2022 15:34:36 GMT] 'POST /v1/auth/signup' 400 90 'PostmanRuntime/7.29.0'
[Sat, 02 Jul 2022 15:35:16 GMT] 'POST /v1/auth/signup' 400 90 'PostmanRuntime/7.29.0'
[Sat, 02 Jul 2022 15:36:39 GMT] 'POST /v1/auth/signup' 400 90 'PostmanRuntime/7.29.0'
[Sat, 02 Jul 2022 15:36:45 GMT] 'POST /v1/auth/signup' 400 90 'PostmanRuntime/7.29.0'
[Sat, 02 Jul 2022 15:37:02 GMT] 'POST /v1/auth/signup' 400 90 'PostmanRuntime/7.29.0'
[Sat, 02 Jul 2022 15:37:54 GMT] 'POST /v1/auth/signup' - - 'PostmanRuntime/7.29.0'
[Sat, 02 Jul 2022 15:38:04 GMT] 'POST /v1/auth/signup' 400 90 'PostmanRuntime/7.29.0'
[Sat, 02 Jul 2022 15:38:56 GMT] 'POST /v1/auth/signup' 400 90 'PostmanRuntime/7.29.0'
[Sat, 02 Jul 2022 15:39:55 GMT] 'POST /v1/auth/signup' 400 90 'PostmanRuntime/7.29.0'
[Sat, 02 Jul 2022 15:40:27 GMT] 'POST /v1/auth/signup' 400 90 'PostmanRuntime/7.29.0'
[Sat, 02 Jul 2022 15:54:11 GMT] 'POST /v1/auth/signup' 400 107 'PostmanRuntime/7.29.0'
[Sat, 02 Jul 2022 15:54:52 GMT] 'POST /v1/auth/signup' 400 107 'PostmanRuntime/7.29.0'
[Sat, 02 Jul 2022 15:54:53 GMT] 'POST /v1/auth/signup' 400 107 'PostmanRuntime/7.29.0'
[Sat, 02 Jul 2022 15:54:55 GMT] 'POST /v1/auth/signup' 400 107 'PostmanRuntime/7.29.0'
[Sat, 02 Jul 2022 15:55:31 GMT] 'POST /v1/auth/signup' 200 360 'PostmanRuntime/7.29.0'
[Sat, 02 Jul 2022 15:55:42 GMT] 'POST /v1/auth/signup' 400 106 'PostmanRuntime/7.29.0'
[Sat, 02 Jul 2022 16:34:56 GMT] 'POST /v1/auth/signup' 400 106 'PostmanRuntime/7.29.0'
[Sat, 02 Jul 2022 16:35:03 GMT] 'POST /v1/auth/signup' 400 107 'PostmanRuntime/7.29.0'
[Sat, 02 Jul 2022 16:35:27 GMT] 'POST /v1/auth/signup' 500 64 'PostmanRuntime/7.29.0'
[Sat, 02 Jul 2022 16:36:59 GMT] 'POST /v1/auth/signup' - - 'PostmanRuntime/7.29.0'
[Sat, 02 Jul 2022 16:37:42 GMT] 'POST /v1/auth/signup' 400 95 'PostmanRuntime/7.29.0'
[Sat, 02 Jul 2022 16:40:05 GMT] 'POST /v1/auth/signup' 200 350 'PostmanRuntime/7.29.0'
[Sat, 02 Jul 2022 16:41:08 GMT] 'POST /v1/auth/signup' 400 96 'PostmanRuntime/7.29.0'
[Sat, 02 Jul 2022 16:41:16 GMT] 'POST /v1/auth/signup' 200 350 'PostmanRuntime/7.29.0'
[Sat, 02 Jul 2022 16:43:14 GMT] 'POST /v1/auth/signup' 200 1388 'PostmanRuntime/7.29.0'
[Sat, 02 Jul 2022 16:57:18 GMT] 'POST /v1/auth/signup' - - 'PostmanRuntime/7.29.0'
[Sat, 02 Jul 2022 16:58:11 GMT] 'POST /v1/auth/signup' 200 1352 'PostmanRuntime/7.29.0'
[Sat, 02 Jul 2022 17:02:29 GMT] 'POST /v1/auth/signup' 400 110 'PostmanRuntime/7.29.0'
[Sat, 02 Jul 2022 17:02:37 GMT] 'POST /v1/auth/signup' 200 350 'PostmanRuntime/7.29.0'
[Sat, 02 Jul 2022 17:04:20 GMT] 'POST /v1/auth/signup' - - 'PostmanRuntime/7.29.0'
[Sat, 02 Jul 2022 17:06:01 GMT] 'POST /v1/auth/signup' 200 568 'PostmanRuntime/7.29.0'
[Sat, 02 Jul 2022 17:35:08 GMT] 'POST /v1/auth/signup' 200 345 'PostmanRuntime/7.29.0'
[Sat, 02 Jul 2022 19:52:54 GMT] 'POST /v1/auth/signup' 200 388 'PostmanRuntime/7.29.0'
[Sat, 02 Jul 2022 19:53:02 GMT] 'POST /v1/auth/signup' 400 123 'PostmanRuntime/7.29.0'
[Sat, 02 Jul 2022 20:22:52 GMT] 'POST /v1/auth/login' 500 64 'PostmanRuntime/7.29.0'
[Sat, 02 Jul 2022 20:23:12 GMT] 'POST /v1/auth/login' 200 143 'PostmanRuntime/7.29.0'
[Sat, 02 Jul 2022 21:20:40 GMT] 'POST /v1/auth/login' 400 90 'PostmanRuntime/7.29.0'
[Sat, 02 Jul 2022 21:20:56 GMT] 'POST /v1/auth/login' 200 391 'PostmanRuntime/7.29.0'
[Sat, 02 Jul 2022 21:21:14 GMT] 'POST /v1/auth/login' 200 391 'PostmanRuntime/7.29.0'
[Sat, 02 Jul 2022 21:22:35 GMT] 'POST /v1/auth/login' 200 391 'PostmanRuntime/7.29.0'
[Sat, 02 Jul 2022 21:23:03 GMT] 'POST /v1/auth/login' - - 'PostmanRuntime/7.29.0'
[Sat, 02 Jul 2022 21:27:12 GMT] 'POST /v1/auth/login' 400 93 'PostmanRuntime/7.29.0'
[Sat, 02 Jul 2022 21:27:23 GMT] 'POST /v1/auth/login' 200 391 'PostmanRuntime/7.29.0'
[Sat, 02 Jul 2022 21:28:34 GMT] 'POST /v1/auth/login' 400 90 'PostmanRuntime/7.29.0'
[Sat, 02 Jul 2022 21:29:05 GMT] 'POST /v1/auth/login' 200 391 'PostmanRuntime/7.29.0'
[Sat, 02 Jul 2022 21:29:27 GMT] 'POST /v1/auth/login' 200 391 'PostmanRuntime/7.29.0'
[Sat, 02 Jul 2022 21:30:22 GMT] 'POST /v1/auth/login' 200 391 'PostmanRuntime/7.29.0'
[Sat, 02 Jul 2022 21:30:46 GMT] 'POST /v1/auth/login' 200 391 'PostmanRuntime/7.29.0'
[Sat, 02 Jul 2022 21:31:23 GMT] 'POST /v1/auth/login' 200 391 'PostmanRuntime/7.29.0'
[Sat, 02 Jul 2022 21:32:37 GMT] 'POST /v1/auth/login' - - 'PostmanRuntime/7.29.0'
[Sat, 02 Jul 2022 21:33:05 GMT] 'POST /v1/auth/login' - - 'PostmanRuntime/7.29.0'
[Sat, 02 Jul 2022 21:42:36 GMT] 'POST /v1/auth/login' 200 391 'PostmanRuntime/7.29.0'
[Sat, 02 Jul 2022 21:42:40 GMT] 'POST /v1/auth/login' 200 391 'PostmanRuntime/7.29.0'
[Sat, 02 Jul 2022 21:42:43 GMT] 'POST /v1/auth/login' 200 391 'PostmanRuntime/7.29.0'
[Sat, 02 Jul 2022 21:42:46 GMT] 'POST /v1/auth/login' 200 391 'PostmanRuntime/7.29.0'
[Sun, 03 Jul 2022 13:29:19 GMT] 'POST /v1/auth/signup' 400 123 'PostmanRuntime/7.29.0'
[Sun, 03 Jul 2022 13:29:38 GMT] 'POST /v1/auth/signup' 400 102 'PostmanRuntime/7.29.0'
[Sun, 03 Jul 2022 13:38:40 GMT] 'POST /v1/auth/login' 409 113 'PostmanRuntime/7.29.0'
[Sun, 03 Jul 2022 13:39:20 GMT] 'POST /v1/auth/login' 409 114 'PostmanRuntime/7.29.0'
[Sun, 03 Jul 2022 22:00:37 GMT] 'POST /v1/auth/signup' 500 64 'PostmanRuntime/7.29.0'
[Sun, 03 Jul 2022 22:01:40 GMT] 'POST /v1/auth/signup' 500 64 'PostmanRuntime/7.29.0'
[Sun, 03 Jul 2022 22:02:03 GMT] 'POST /v1/auth/signup' 400 54 'PostmanRuntime/7.29.0'
[Sun, 03 Jul 2022 22:02:38 GMT] 'POST /v1/auth/signup' 400 54 'PostmanRuntime/7.29.0'
[Sun, 03 Jul 2022 22:03:21 GMT] 'POST /v1/auth/signup' 400 54 'PostmanRuntime/7.29.0'
[Sun, 03 Jul 2022 22:06:02 GMT] 'POST /v1/auth/signup' 400 54 'PostmanRuntime/7.29.0'
[Sun, 03 Jul 2022 22:09:03 GMT] 'POST /v1/auth/signup' 400 54 'PostmanRuntime/7.29.0'
[Sun, 03 Jul 2022 22:13:50 GMT] 'POST /v1/auth/signup' 400 98 'PostmanRuntime/7.29.0'
[Sun, 03 Jul 2022 22:23:09 GMT] 'POST /v1/auth/signup' 400 86 'PostmanRuntime/7.29.0'
[Sun, 03 Jul 2022 22:23:31 GMT] 'POST /v1/auth/signup' 400 90 'PostmanRuntime/7.29.0'
[Sun, 03 Jul 2022 22:37:10 GMT] 'POST /v1/auth/signup' 500 64 'PostmanRuntime/7.29.0'
[Sun, 03 Jul 2022 22:37:51 GMT] 'POST /v1/auth/signup' 400 117 'PostmanRuntime/7.29.0'
[Sun, 03 Jul 2022 22:38:32 GMT] 'POST /v1/auth/signup' 400 104 'PostmanRuntime/7.29.0'
[Sun, 03 Jul 2022 22:41:42 GMT] 'POST /v1/auth/signup' 400 86 'PostmanRuntime/7.29.0'
[Sun, 03 Jul 2022 22:49:36 GMT] 'POST /v1/auth/signup' 400 104 'PostmanRuntime/7.29.0'
[Sun, 03 Jul 2022 22:52:08 GMT] 'POST /v1/auth/signup' 400 104 'PostmanRuntime/7.29.0'
[Sun, 03 Jul 2022 23:12:36 GMT] 'POST /v1/auth/signup' 400 104 'PostmanRuntime/7.29.0'
[Sun, 03 Jul 2022 23:12:55 GMT] 'POST /v1/auth/signup' 400 104 'PostmanRuntime/7.29.0'
[Sun, 03 Jul 2022 23:19:32 GMT] 'POST /v1/auth/signup' 400 104 'PostmanRuntime/7.29.0'
[Sun, 03 Jul 2022 23:20:36 GMT] 'POST /v1/auth/signup' 200 386 'PostmanRuntime/7.29.0'
[Sun, 03 Jul 2022 23:30:48 GMT] 'POST /v1/auth/login' 500 64 'PostmanRuntime/7.29.0'
[Sun, 03 Jul 2022 23:32:48 GMT] 'POST /v1/auth/login' 409 114 'PostmanRuntime/7.29.0'
[Sun, 03 Jul 2022 23:32:56 GMT] 'POST /v1/auth/login' 200 389 'PostmanRuntime/7.29.0'
[Tue, 05 Jul 2022 13:47:10 GMT] 'POST /v1/auth/login' 200 389 'PostmanRuntime/7.29.0'
[Tue, 05 Jul 2022 13:47:35 GMT] 'GET /' 500 64 'Mozilla/5.0 (Macintosh; Intel Mac OS X 10_15_7) AppleWebKit/537.36 (KHTML, like Gecko) Chrome/98.0.4758.109 Safari/537.36'
[Tue, 05 Jul 2022 13:47:36 GMT] 'GET /favicon.ico' 404 61 'Mozilla/5.0 (Macintosh; Intel Mac OS X 10_15_7) AppleWebKit/537.36 (KHTML, like Gecko) Chrome/98.0.4758.109 Safari/537.36'
[Tue, 05 Jul 2022 13:48:12 GMT] 'GET /' 404 61 'Mozilla/5.0 (Macintosh; Intel Mac OS X 10_15_7) AppleWebKit/537.36 (KHTML, like Gecko) Chrome/98.0.4758.109 Safari/537.36'
[Tue, 05 Jul 2022 13:48:26 GMT] 'GET /' 500 64 'Mozilla/5.0 (Macintosh; Intel Mac OS X 10_15_7) AppleWebKit/537.36 (KHTML, like Gecko) Chrome/98.0.4758.109 Safari/537.36'
[Tue, 05 Jul 2022 13:48:31 GMT] 'GET /' 500 64 'Mozilla/5.0 (Macintosh; Intel Mac OS X 10_15_7) AppleWebKit/537.36 (KHTML, like Gecko) Chrome/98.0.4758.109 Safari/537.36'
[Tue, 05 Jul 2022 13:49:17 GMT] 'GET /' 200 11 'Mozilla/5.0 (Macintosh; Intel Mac OS X 10_15_7) AppleWebKit/537.36 (KHTML, like Gecko) Chrome/98.0.4758.109 Safari/537.36'
[Sat, 09 Jul 2022 09:54:47 GMT] 'GET /' 200 26 'Mozilla/5.0 (Macintosh; Intel Mac OS X 10_15_7) AppleWebKit/537.36 (KHTML, like Gecko) Chrome/98.0.4758.109 Safari/537.36'
[Sat, 09 Jul 2022 09:55:21 GMT] 'GET /' 200 19 'Mozilla/5.0 (Macintosh; Intel Mac OS X 10_15_7) AppleWebKit/537.36 (KHTML, like Gecko) Chrome/98.0.4758.109 Safari/537.36'
[Sat, 09 Jul 2022 09:59:52 GMT] 'POST /v1/auth/login' 200 391 'PostmanRuntime/7.29.0'
[Sat, 09 Jul 2022 09:59:57 GMT] 'POST /v1/auth/login' 200 391 'PostmanRuntime/7.29.0'
[Sat, 09 Jul 2022 10:00:01 GMT] 'POST /v1/auth/login' 200 391 'PostmanRuntime/7.29.0'
[Sat, 09 Jul 2022 10:00:07 GMT] 'POST /v1/auth/login' 200 391 'PostmanRuntime/7.29.0'
[Sat, 09 Jul 2022 10:00:10 GMT] 'POST /v1/auth/login' 200 391 'PostmanRuntime/7.29.0'
[Sat, 09 Jul 2022 10:05:09 GMT] 'GET /' 200 18 'Mozilla/5.0 (Macintosh; Intel Mac OS X 10_15_7) AppleWebKit/537.36 (KHTML, like Gecko) Chrome/98.0.4758.109 Safari/537.36'
[Sun, 10 Jul 2022 19:13:25 GMT] 'GET /' 304 - 'Mozilla/5.0 (Macintosh; Intel Mac OS X 10_15_7) AppleWebKit/537.36 (KHTML, like Gecko) Chrome/98.0.4758.109 Safari/537.36'
[Tue, 12 Jul 2022 01:30:03 GMT] 'POST /v1/auth/login' 200 391 'PostmanRuntime/7.29.0'
[Tue, 12 Jul 2022 01:30:15 GMT] 'POST /v1/auth/login' 200 391 'PostmanRuntime/7.29.0'
[Tue, 12 Jul 2022 01:30:25 GMT] 'POST /v1/auth/login' 200 391 'PostmanRuntime/7.29.0'
[Tue, 12 Jul 2022 01:30:27 GMT] 'POST /v1/auth/login' 200 391 'PostmanRuntime/7.29.0'
[Thu, 14 Jul 2022 06:59:55 GMT] 'GET /favicon.ico' 404 61 'Mozilla/5.0 (Macintosh; Intel Mac OS X 10_15_7) AppleWebKit/537.36 (KHTML, like Gecko) Chrome/98.0.4758.109 Safari/537.36'
[Fri, 15 Jul 2022 03:16:30 GMT] 'GET /' 200 22 'Mozilla/5.0 (Macintosh; Intel Mac OS X 10_15_7) AppleWebKit/537.36 (KHTML, like Gecko) Chrome/98.0.4758.109 Safari/537.36'
[Fri, 15 Jul 2022 03:16:44 GMT] 'GET /' 200 18 'Mozilla/5.0 (Macintosh; Intel Mac OS X 10_15_7) AppleWebKit/537.36 (KHTML, like Gecko) Chrome/98.0.4758.109 Safari/537.36'
[Fri, 15 Jul 2022 21:27:58 GMT] 'GET /' 304 - 'Mozilla/5.0 (Macintosh; Intel Mac OS X 10_15_7) AppleWebKit/537.36 (KHTML, like Gecko) Chrome/98.0.4758.109 Safari/537.36'
[Fri, 15 Jul 2022 21:28:59 GMT] 'GET /' 200 16 'Mozilla/5.0 (Macintosh; Intel Mac OS X 10_15_7) AppleWebKit/537.36 (KHTML, like Gecko) Chrome/98.0.4758.109 Safari/537.36'
[Sat, 16 Jul 2022 10:54:18 GMT] 'GET /' 200 19 'Mozilla/5.0 (Macintosh; Intel Mac OS X 10_15_7) AppleWebKit/537.36 (KHTML, like Gecko) Chrome/98.0.4758.109 Safari/537.36'
[Sat, 16 Jul 2022 10:54:28 GMT] 'GET /' 200 16 'Mozilla/5.0 (Macintosh; Intel Mac OS X 10_15_7) AppleWebKit/537.36 (KHTML, like Gecko) Chrome/98.0.4758.109 Safari/537.36'
[Sat, 16 Jul 2022 12:36:57 GMT] 'GET /' 200 18 'Mozilla/5.0 (Macintosh; Intel Mac OS X 10_15_7) AppleWebKit/537.36 (KHTML, like Gecko) Chrome/98.0.4758.109 Safari/537.36'
[Sat, 16 Jul 2022 12:37:09 GMT] 'GET /' 200 20 'Mozilla/5.0 (Macintosh; Intel Mac OS X 10_15_7) AppleWebKit/537.36 (KHTML, like Gecko) Chrome/98.0.4758.109 Safari/537.36'
[Sat, 16 Jul 2022 15:11:27 GMT] 'GET /' 304 - 'Mozilla/5.0 (Macintosh; Intel Mac OS X 10_15_7) AppleWebKit/537.36 (KHTML, like Gecko) Chrome/98.0.4758.109 Safari/537.36'
[Sat, 16 Jul 2022 15:11:30 GMT] 'GET /' 304 - 'Mozilla/5.0 (Macintosh; Intel Mac OS X 10_15_7) AppleWebKit/537.36 (KHTML, like Gecko) Chrome/98.0.4758.109 Safari/537.36'
[Wed, 20 Jul 2022 18:06:11 GMT] 'POST /v1/auth/login' 200 391 'PostmanRuntime/7.29.0'
[Wed, 20 Jul 2022 18:35:33 GMT] 'GET /v1' 200 18 'Mozilla/5.0 (Macintosh; Intel Mac OS X 10_15_7) AppleWebKit/537.36 (KHTML, like Gecko) Chrome/98.0.4758.109 Safari/537.36'
[Wed, 20 Jul 2022 18:38:20 GMT] 'GET /v1' 304 - 'Mozilla/5.0 (Macintosh; Intel Mac OS X 10_15_7) AppleWebKit/537.36 (KHTML, like Gecko) Chrome/98.0.4758.109 Safari/537.36'
[Wed, 20 Jul 2022 18:38:31 GMT] 'GET /v1' 304 - 'Mozilla/5.0 (Macintosh; Intel Mac OS X 10_15_7) AppleWebKit/537.36 (KHTML, like Gecko) Chrome/98.0.4758.109 Safari/537.36'
[Wed, 20 Jul 2022 18:38:39 GMT] 'GET /v1' 304 - 'Mozilla/5.0 (Macintosh; Intel Mac OS X 10_15_7) AppleWebKit/537.36 (KHTML, like Gecko) Chrome/98.0.4758.109 Safari/537.36'
[Wed, 20 Jul 2022 18:38:44 GMT] 'GET /v1' 304 - 'Mozilla/5.0 (Macintosh; Intel Mac OS X 10_15_7) AppleWebKit/537.36 (KHTML, like Gecko) Chrome/98.0.4758.109 Safari/537.36'
[Thu, 21 Jul 2022 15:34:19 GMT] 'POST /v1/auth/login' 200 391 'PostmanRuntime/7.29.0'
[Thu, 21 Jul 2022 15:34:25 GMT] 'POST /v1/auth/login' 200 391 'PostmanRuntime/7.29.0'
[Thu, 21 Jul 2022 15:34:28 GMT] 'POST /v1/auth/login' 200 391 'PostmanRuntime/7.29.0'
[Thu, 21 Jul 2022 15:34:31 GMT] 'POST /v1/auth/login' 200 391 'PostmanRuntime/7.29.0'
[Thu, 21 Jul 2022 15:34:36 GMT] 'POST /v1/auth/login' 200 391 'PostmanRuntime/7.29.0'
[Thu, 21 Jul 2022 15:34:41 GMT] 'POST /v1/auth/login' 200 391 'PostmanRuntime/7.29.0'
[Thu, 21 Jul 2022 18:38:47 GMT] 'GET /v1' 200 18 'Mozilla/5.0 (Macintosh; Intel Mac OS X 10_15_7) AppleWebKit/537.36 (KHTML, like Gecko) Chrome/103.0.0.0 Safari/537.36'
[Fri, 22 Jul 2022 17:48:22 GMT] 'POST /v1/auth/login' 200 391 'PostmanRuntime/7.29.0'
[Sat, 23 Jul 2022 10:01:12 GMT] 'GET /v1' 304 - 'Mozilla/5.0 (Macintosh; Intel Mac OS X 10_15_7) AppleWebKit/537.36 (KHTML, like Gecko) Chrome/98.0.4758.109 Safari/537.36'
[Sat, 23 Jul 2022 13:53:05 GMT] 'POST /v1/auth/request-password' - - 'PostmanRuntime/7.29.0'
[Sat, 23 Jul 2022 13:53:14 GMT] 'POST /v1/auth/request-password' 409 130 'PostmanRuntime/7.29.0'
[Sat, 23 Jul 2022 13:56:50 GMT] 'POST /v1/auth/request-password' 200 77 'PostmanRuntime/7.29.0'
[Sat, 23 Jul 2022 14:36:03 GMT] 'POST /v1/auth/request-password' 200 77 'PostmanRuntime/7.29.0'
[Sun, 24 Jul 2022 07:56:42 GMT] 'GET /v1' 200 56458 'Mozilla/5.0 (Macintosh; Intel Mac OS X 10_15_7) AppleWebKit/537.36 (KHTML, like Gecko) Chrome/98.0.4758.109 Safari/537.36'
[Sun, 24 Jul 2022 11:13:43 GMT] 'GET /v1' 200 56478 'Mozilla/5.0 (Macintosh; Intel Mac OS X 10_15_7) AppleWebKit/537.36 (KHTML, like Gecko) Chrome/98.0.4758.109 Safari/537.36'
[Sun, 24 Jul 2022 11:16:23 GMT] 'GET /v1' 200 52800 'Mozilla/5.0 (Macintosh; Intel Mac OS X 10_15_7) AppleWebKit/537.36 (KHTML, like Gecko) Chrome/98.0.4758.109 Safari/537.36'
[Sun, 24 Jul 2022 11:19:23 GMT] 'GET /v1' 200 56009 'Mozilla/5.0 (Macintosh; Intel Mac OS X 10_15_7) AppleWebKit/537.36 (KHTML, like Gecko) Chrome/98.0.4758.109 Safari/537.36'
[Sun, 24 Jul 2022 11:20:36 GMT] 'GET /v1' 200 54499 'Mozilla/5.0 (Macintosh; Intel Mac OS X 10_15_7) AppleWebKit/537.36 (KHTML, like Gecko) Chrome/98.0.4758.109 Safari/537.36'
[Sun, 24 Jul 2022 11:20:49 GMT] 'GET /v1' 200 52491 'Mozilla/5.0 (Macintosh; Intel Mac OS X 10_15_7) AppleWebKit/537.36 (KHTML, like Gecko) Chrome/98.0.4758.109 Safari/537.36'
[Sun, 24 Jul 2022 11:22:22 GMT] 'GET /v1' 200 50353 'Mozilla/5.0 (Macintosh; Intel Mac OS X 10_15_7) AppleWebKit/537.36 (KHTML, like Gecko) Chrome/98.0.4758.109 Safari/537.36'
[Sun, 24 Jul 2022 11:23:56 GMT] 'GET /v1' 200 44151 'Mozilla/5.0 (Macintosh; Intel Mac OS X 10_15_7) AppleWebKit/537.36 (KHTML, like Gecko) Chrome/98.0.4758.109 Safari/537.36'
[Sun, 24 Jul 2022 11:25:06 GMT] 'GET /v1' 200 44152 'Mozilla/5.0 (Macintosh; Intel Mac OS X 10_15_7) AppleWebKit/537.36 (KHTML, like Gecko) Chrome/98.0.4758.109 Safari/537.36'
[Sun, 24 Jul 2022 11:25:29 GMT] 'GET /v1' 200 44152 'Mozilla/5.0 (Macintosh; Intel Mac OS X 10_15_7) AppleWebKit/537.36 (KHTML, like Gecko) Chrome/98.0.4758.109 Safari/537.36'
[Sun, 24 Jul 2022 11:26:02 GMT] 'GET /v1' 200 44170 'Mozilla/5.0 (Macintosh; Intel Mac OS X 10_15_7) AppleWebKit/537.36 (KHTML, like Gecko) Chrome/98.0.4758.109 Safari/537.36'
[Sun, 24 Jul 2022 11:27:07 GMT] 'GET /v1' 200 39917 'Mozilla/5.0 (Macintosh; Intel Mac OS X 10_15_7) AppleWebKit/537.36 (KHTML, like Gecko) Chrome/98.0.4758.109 Safari/537.36'
[Sun, 24 Jul 2022 11:27:58 GMT] 'GET /v1' 200 37813 'Mozilla/5.0 (Macintosh; Intel Mac OS X 10_15_7) AppleWebKit/537.36 (KHTML, like Gecko) Chrome/98.0.4758.109 Safari/537.36'
[Sun, 24 Jul 2022 11:28:56 GMT] 'GET /v1' 200 36152 'Mozilla/5.0 (Macintosh; Intel Mac OS X 10_15_7) AppleWebKit/537.36 (KHTML, like Gecko) Chrome/98.0.4758.109 Safari/537.36'
[Sun, 24 Jul 2022 11:29:36 GMT] 'GET /v1' 200 36032 'Mozilla/5.0 (Macintosh; Intel Mac OS X 10_15_7) AppleWebKit/537.36 (KHTML, like Gecko) Chrome/98.0.4758.109 Safari/537.36'
[Sun, 24 Jul 2022 11:29:42 GMT] 'GET /v1' 304 - 'Mozilla/5.0 (Macintosh; Intel Mac OS X 10_15_7) AppleWebKit/537.36 (KHTML, like Gecko) Chrome/98.0.4758.109 Safari/537.36'
[Sun, 24 Jul 2022 11:29:44 GMT] 'GET /v1' 304 - 'Mozilla/5.0 (Macintosh; Intel Mac OS X 10_15_7) AppleWebKit/537.36 (KHTML, like Gecko) Chrome/98.0.4758.109 Safari/537.36'
[Sun, 24 Jul 2022 11:29:46 GMT] 'GET /v1' 200 36032 'Mozilla/5.0 (Macintosh; Intel Mac OS X 10_15_7) AppleWebKit/537.36 (KHTML, like Gecko) Chrome/98.0.4758.109 Safari/537.36'
[Sun, 24 Jul 2022 11:30:05 GMT] 'GET /v1' 200 35913 'Mozilla/5.0 (Macintosh; Intel Mac OS X 10_15_7) AppleWebKit/537.36 (KHTML, like Gecko) Chrome/98.0.4758.109 Safari/537.36'
[Sun, 24 Jul 2022 11:31:20 GMT] 'GET /v1' 200 30862 'Mozilla/5.0 (Macintosh; Intel Mac OS X 10_15_7) AppleWebKit/537.36 (KHTML, like Gecko) Chrome/98.0.4758.109 Safari/537.36'
[Sun, 24 Jul 2022 11:31:27 GMT] 'GET /v1' 200 21251 'Mozilla/5.0 (Macintosh; Intel Mac OS X 10_15_7) AppleWebKit/537.36 (KHTML, like Gecko) Chrome/98.0.4758.109 Safari/537.36'
[Sun, 24 Jul 2022 11:31:50 GMT] 'GET /v1' 200 18916 'Mozilla/5.0 (Macintosh; Intel Mac OS X 10_15_7) AppleWebKit/537.36 (KHTML, like Gecko) Chrome/98.0.4758.109 Safari/537.36'
[Sun, 24 Jul 2022 11:32:19 GMT] 'GET /v1' 200 21251 'Mozilla/5.0 (Macintosh; Intel Mac OS X 10_15_7) AppleWebKit/537.36 (KHTML, like Gecko) Chrome/98.0.4758.109 Safari/537.36'
[Sun, 24 Jul 2022 11:32:45 GMT] 'GET /v1' 200 21251 'Mozilla/5.0 (Macintosh; Intel Mac OS X 10_15_7) AppleWebKit/537.36 (KHTML, like Gecko) Chrome/98.0.4758.109 Safari/537.36'
[Sun, 24 Jul 2022 11:38:50 GMT] 'GET /v1' 200 21169 'Mozilla/5.0 (Macintosh; Intel Mac OS X 10_15_7) AppleWebKit/537.36 (KHTML, like Gecko) Chrome/98.0.4758.109 Safari/537.36'
[Sun, 24 Jul 2022 11:39:20 GMT] 'GET /v1' 200 21229 'Mozilla/5.0 (Macintosh; Intel Mac OS X 10_15_7) AppleWebKit/537.36 (KHTML, like Gecko) Chrome/98.0.4758.109 Safari/537.36'
[Sun, 24 Jul 2022 11:40:37 GMT] 'GET /v1' 200 20815 'Mozilla/5.0 (Macintosh; Intel Mac OS X 10_15_7) AppleWebKit/537.36 (KHTML, like Gecko) Chrome/98.0.4758.109 Safari/537.36'
[Sun, 24 Jul 2022 11:42:06 GMT] 'GET /v1' 200 20859 'Mozilla/5.0 (Macintosh; Intel Mac OS X 10_15_7) AppleWebKit/537.36 (KHTML, like Gecko) Chrome/98.0.4758.109 Safari/537.36'
[Sun, 24 Jul 2022 11:42:40 GMT] 'GET /v1' 200 20857 'Mozilla/5.0 (Macintosh; Intel Mac OS X 10_15_7) AppleWebKit/537.36 (KHTML, like Gecko) Chrome/98.0.4758.109 Safari/537.36'
[Sun, 24 Jul 2022 11:43:25 GMT] 'GET /v1' 200 20857 'Mozilla/5.0 (Macintosh; Intel Mac OS X 10_15_7) AppleWebKit/537.36 (KHTML, like Gecko) Chrome/98.0.4758.109 Safari/537.36'
[Sun, 24 Jul 2022 11:43:34 GMT] 'GET /v1' 200 20855 'Mozilla/5.0 (Macintosh; Intel Mac OS X 10_15_7) AppleWebKit/537.36 (KHTML, like Gecko) Chrome/98.0.4758.109 Safari/537.36'
[Sun, 24 Jul 2022 11:43:51 GMT] 'GET /v1' 200 20855 'Mozilla/5.0 (Macintosh; Intel Mac OS X 10_15_7) AppleWebKit/537.36 (KHTML, like Gecko) Chrome/98.0.4758.109 Safari/537.36'
[Sun, 24 Jul 2022 11:44:08 GMT] 'GET /v1' 200 20855 'Mozilla/5.0 (Macintosh; Intel Mac OS X 10_15_7) AppleWebKit/537.36 (KHTML, like Gecko) Chrome/98.0.4758.109 Safari/537.36'
[Sun, 24 Jul 2022 11:44:21 GMT] 'GET /v1' 200 20853 'Mozilla/5.0 (Macintosh; Intel Mac OS X 10_15_7) AppleWebKit/537.36 (KHTML, like Gecko) Chrome/98.0.4758.109 Safari/537.36'
[Sun, 24 Jul 2022 11:44:51 GMT] 'GET /v1' 200 20914 'Mozilla/5.0 (Macintosh; Intel Mac OS X 10_15_7) AppleWebKit/537.36 (KHTML, like Gecko) Chrome/98.0.4758.109 Safari/537.36'
[Sun, 24 Jul 2022 11:45:02 GMT] 'GET /v1' 200 20914 'Mozilla/5.0 (Macintosh; Intel Mac OS X 10_15_7) AppleWebKit/537.36 (KHTML, like Gecko) Chrome/98.0.4758.109 Safari/537.36'
[Sun, 24 Jul 2022 11:45:12 GMT] 'GET /v1' 200 20914 'Mozilla/5.0 (Macintosh; Intel Mac OS X 10_15_7) AppleWebKit/537.36 (KHTML, like Gecko) Chrome/98.0.4758.109 Safari/537.36'
[Sun, 24 Jul 2022 11:45:44 GMT] 'GET /v1' 200 20914 'Mozilla/5.0 (Macintosh; Intel Mac OS X 10_15_7) AppleWebKit/537.36 (KHTML, like Gecko) Chrome/98.0.4758.109 Safari/537.36'
[Sun, 24 Jul 2022 11:45:46 GMT] 'GET /v1' 304 - 'Mozilla/5.0 (Macintosh; Intel Mac OS X 10_15_7) AppleWebKit/537.36 (KHTML, like Gecko) Chrome/98.0.4758.109 Safari/537.36'
[Sun, 24 Jul 2022 11:46:07 GMT] 'GET /v1' 200 20914 'Mozilla/5.0 (Macintosh; Intel Mac OS X 10_15_7) AppleWebKit/537.36 (KHTML, like Gecko) Chrome/98.0.4758.109 Safari/537.36'
[Sun, 24 Jul 2022 11:46:19 GMT] 'GET /v1' 200 20914 'Mozilla/5.0 (Macintosh; Intel Mac OS X 10_15_7) AppleWebKit/537.36 (KHTML, like Gecko) Chrome/98.0.4758.109 Safari/537.36'
[Sun, 24 Jul 2022 11:46:23 GMT] 'GET /v1' 304 - 'Mozilla/5.0 (Macintosh; Intel Mac OS X 10_15_7) AppleWebKit/537.36 (KHTML, like Gecko) Chrome/98.0.4758.109 Safari/537.36'
[Sun, 24 Jul 2022 11:46:33 GMT] 'GET /v1' 200 20914 'Mozilla/5.0 (Macintosh; Intel Mac OS X 10_15_7) AppleWebKit/537.36 (KHTML, like Gecko) Chrome/98.0.4758.109 Safari/537.36'
[Sun, 24 Jul 2022 11:47:31 GMT] 'GET /v1' 200 20984 'Mozilla/5.0 (Macintosh; Intel Mac OS X 10_15_7) AppleWebKit/537.36 (KHTML, like Gecko) Chrome/98.0.4758.109 Safari/537.36'
[Sun, 24 Jul 2022 11:48:06 GMT] 'GET /v1' 200 21154 'Mozilla/5.0 (Macintosh; Intel Mac OS X 10_15_7) AppleWebKit/537.36 (KHTML, like Gecko) Chrome/98.0.4758.109 Safari/537.36'
[Sun, 24 Jul 2022 11:49:06 GMT] 'GET /v1' 200 21287 'Mozilla/5.0 (Macintosh; Intel Mac OS X 10_15_7) AppleWebKit/537.36 (KHTML, like Gecko) Chrome/98.0.4758.109 Safari/537.36'
[Sun, 24 Jul 2022 11:49:30 GMT] 'GET /v1' 200 21267 'Mozilla/5.0 (Macintosh; Intel Mac OS X 10_15_7) AppleWebKit/537.36 (KHTML, like Gecko) Chrome/98.0.4758.109 Safari/537.36'
[Sun, 24 Jul 2022 11:49:38 GMT] 'GET /v1' 200 21268 'Mozilla/5.0 (Macintosh; Intel Mac OS X 10_15_7) AppleWebKit/537.36 (KHTML, like Gecko) Chrome/98.0.4758.109 Safari/537.36'
[Sun, 24 Jul 2022 11:49:40 GMT] 'GET /v1' 304 - 'Mozilla/5.0 (Macintosh; Intel Mac OS X 10_15_7) AppleWebKit/537.36 (KHTML, like Gecko) Chrome/98.0.4758.109 Safari/537.36'
[Sun, 24 Jul 2022 11:49:47 GMT] 'GET /v1' 200 21268 'Mozilla/5.0 (Macintosh; Intel Mac OS X 10_15_7) AppleWebKit/537.36 (KHTML, like Gecko) Chrome/98.0.4758.109 Safari/537.36'
[Sun, 24 Jul 2022 11:50:08 GMT] 'GET /v1' 200 21271 'Mozilla/5.0 (Macintosh; Intel Mac OS X 10_15_7) AppleWebKit/537.36 (KHTML, like Gecko) Chrome/98.0.4758.109 Safari/537.36'
[Sun, 24 Jul 2022 11:53:13 GMT] 'GET /v1' 200 20533 'Mozilla/5.0 (Macintosh; Intel Mac OS X 10_15_7) AppleWebKit/537.36 (KHTML, like Gecko) Chrome/98.0.4758.109 Safari/537.36'
[Sun, 24 Jul 2022 11:54:13 GMT] 'GET /v1' 200 20585 'Mozilla/5.0 (Macintosh; Intel Mac OS X 10_15_7) AppleWebKit/537.36 (KHTML, like Gecko) Chrome/98.0.4758.109 Safari/537.36'
[Sun, 24 Jul 2022 11:54:36 GMT] 'GET /v1' 200 20584 'Mozilla/5.0 (Macintosh; Intel Mac OS X 10_15_7) AppleWebKit/537.36 (KHTML, like Gecko) Chrome/98.0.4758.109 Safari/537.36'
[Sun, 24 Jul 2022 11:54:46 GMT] 'GET /v1' 200 20583 'Mozilla/5.0 (Macintosh; Intel Mac OS X 10_15_7) AppleWebKit/537.36 (KHTML, like Gecko) Chrome/98.0.4758.109 Safari/537.36'
[Sun, 24 Jul 2022 11:55:25 GMT] 'GET /v1' 200 20529 'Mozilla/5.0 (Macintosh; Intel Mac OS X 10_15_7) AppleWebKit/537.36 (KHTML, like Gecko) Chrome/98.0.4758.109 Safari/537.36'
[Sun, 24 Jul 2022 11:55:40 GMT] 'GET /v1' 200 20529 'Mozilla/5.0 (Macintosh; Intel Mac OS X 10_15_7) AppleWebKit/537.36 (KHTML, like Gecko) Chrome/98.0.4758.109 Safari/537.36'
[Sun, 24 Jul 2022 11:55:57 GMT] 'GET /v1' 200 20529 'Mozilla/5.0 (Macintosh; Intel Mac OS X 10_15_7) AppleWebKit/537.36 (KHTML, like Gecko) Chrome/98.0.4758.109 Safari/537.36'
[Sun, 24 Jul 2022 11:55:59 GMT] 'GET /v1' 304 - 'Mozilla/5.0 (Macintosh; Intel Mac OS X 10_15_7) AppleWebKit/537.36 (KHTML, like Gecko) Chrome/98.0.4758.109 Safari/537.36'
[Sun, 24 Jul 2022 11:56:14 GMT] 'GET /v1' 200 20529 'Mozilla/5.0 (Macintosh; Intel Mac OS X 10_15_7) AppleWebKit/537.36 (KHTML, like Gecko) Chrome/98.0.4758.109 Safari/537.36'
[Sun, 24 Jul 2022 11:56:41 GMT] 'GET /v1' 200 20472 'Mozilla/5.0 (Macintosh; Intel Mac OS X 10_15_7) AppleWebKit/537.36 (KHTML, like Gecko) Chrome/98.0.4758.109 Safari/537.36'
[Sun, 24 Jul 2022 11:57:13 GMT] 'GET /v1' 200 20536 'Mozilla/5.0 (Macintosh; Intel Mac OS X 10_15_7) AppleWebKit/537.36 (KHTML, like Gecko) Chrome/98.0.4758.109 Safari/537.36'
[Sun, 24 Jul 2022 11:57:25 GMT] 'GET /v1' 200 20536 'Mozilla/5.0 (Macintosh; Intel Mac OS X 10_15_7) AppleWebKit/537.36 (KHTML, like Gecko) Chrome/98.0.4758.109 Safari/537.36'
[Sun, 24 Jul 2022 11:57:35 GMT] 'GET /v1' 200 20536 'Mozilla/5.0 (Macintosh; Intel Mac OS X 10_15_7) AppleWebKit/537.36 (KHTML, like Gecko) Chrome/98.0.4758.109 Safari/537.36'
[Sun, 24 Jul 2022 11:57:51 GMT] 'GET /v1' 200 20471 'Mozilla/5.0 (Macintosh; Intel Mac OS X 10_15_7) AppleWebKit/537.36 (KHTML, like Gecko) Chrome/98.0.4758.109 Safari/537.36'
[Sun, 24 Jul 2022 11:58:34 GMT] 'GET /v1' 200 20469 'Mozilla/5.0 (Macintosh; Intel Mac OS X 10_15_7) AppleWebKit/537.36 (KHTML, like Gecko) Chrome/98.0.4758.109 Safari/537.36'
[Sun, 24 Jul 2022 11:58:42 GMT] 'GET /v1' 200 20471 'Mozilla/5.0 (Macintosh; Intel Mac OS X 10_15_7) AppleWebKit/537.36 (KHTML, like Gecko) Chrome/98.0.4758.109 Safari/537.36'
[Sun, 24 Jul 2022 11:58:53 GMT] 'GET /v1' 200 20471 'Mozilla/5.0 (Macintosh; Intel Mac OS X 10_15_7) AppleWebKit/537.36 (KHTML, like Gecko) Chrome/98.0.4758.109 Safari/537.36'
[Sun, 24 Jul 2022 11:59:00 GMT] 'GET /v1' 200 20471 'Mozilla/5.0 (Macintosh; Intel Mac OS X 10_15_7) AppleWebKit/537.36 (KHTML, like Gecko) Chrome/98.0.4758.109 Safari/537.36'
[Sun, 24 Jul 2022 11:59:11 GMT] 'GET /v1' 200 20472 'Mozilla/5.0 (Macintosh; Intel Mac OS X 10_15_7) AppleWebKit/537.36 (KHTML, like Gecko) Chrome/98.0.4758.109 Safari/537.36'
[Sun, 24 Jul 2022 11:59:59 GMT] 'GET /v1' 200 18137 'Mozilla/5.0 (Macintosh; Intel Mac OS X 10_15_7) AppleWebKit/537.36 (KHTML, like Gecko) Chrome/98.0.4758.109 Safari/537.36'
[Sun, 24 Jul 2022 12:00:29 GMT] 'GET /v1' 200 18204 'Mozilla/5.0 (Macintosh; Intel Mac OS X 10_15_7) AppleWebKit/537.36 (KHTML, like Gecko) Chrome/98.0.4758.109 Safari/537.36'
[Sun, 24 Jul 2022 12:00:42 GMT] 'GET /v1' 200 18195 'Mozilla/5.0 (Macintosh; Intel Mac OS X 10_15_7) AppleWebKit/537.36 (KHTML, like Gecko) Chrome/98.0.4758.109 Safari/537.36'
[Sun, 24 Jul 2022 12:00:48 GMT] 'GET /v1' 200 18195 'Mozilla/5.0 (Macintosh; Intel Mac OS X 10_15_7) AppleWebKit/537.36 (KHTML, like Gecko) Chrome/98.0.4758.109 Safari/537.36'
[Sun, 24 Jul 2022 14:14:09 GMT] 'POST /v1/auth/request-password' 200 77 'PostmanRuntime/7.29.0'
[Sun, 24 Jul 2022 14:15:50 GMT] 'POST /v1/auth/request-password' 409 130 'PostmanRuntime/7.29.0'
[Sun, 24 Jul 2022 15:29:37 GMT] 'POST /v1/auth/request-password' 409 130 'PostmanRuntime/7.29.0'
[Sun, 24 Jul 2022 15:29:43 GMT] 'POST /v1/auth/request-password' 500 64 'PostmanRuntime/7.29.0'
[Sun, 24 Jul 2022 15:32:14 GMT] 'POST /v1/auth/request-password' 500 64 'PostmanRuntime/7.29.0'
[Sun, 24 Jul 2022 15:41:48 GMT] 'POST /v1/auth/request-password' 500 64 'PostmanRuntime/7.29.0'
[Sun, 24 Jul 2022 15:42:55 GMT] 'POST /v1/auth/request-password' 500 64 'PostmanRuntime/7.29.0'
[Sun, 24 Jul 2022 15:44:10 GMT] 'POST /v1/auth/request-password' 200 77 'PostmanRuntime/7.29.0'
[Sun, 24 Jul 2022 15:46:32 GMT] 'POST /v1/auth/request-password' 200 64 'PostmanRuntime/7.29.0'
[Sun, 24 Jul 2022 15:46:59 GMT] 'POST /v1/auth/request-password' 200 64 'PostmanRuntime/7.29.0'
[Sun, 24 Jul 2022 15:48:14 GMT] 'POST /v1/auth/request-password' 200 64 'PostmanRuntime/7.29.0'
[Sun, 24 Jul 2022 15:58:00 GMT] 'POST /v1/auth/request-password' 200 64 'PostmanRuntime/7.29.0'
[Sun, 24 Jul 2022 16:04:44 GMT] 'POST /v1/auth/request-password' 500 64 'PostmanRuntime/7.29.0'
[Sun, 24 Jul 2022 16:07:03 GMT] 'POST /v1/auth/request-password' 500 64 'PostmanRuntime/7.29.0'
[Sun, 24 Jul 2022 16:07:47 GMT] 'POST /v1/auth/request-password' 500 64 'PostmanRuntime/7.29.0'
[Sun, 24 Jul 2022 16:08:21 GMT] 'POST /v1/auth/request-password' 500 64 'PostmanRuntime/7.29.0'
[Sun, 24 Jul 2022 16:09:19 GMT] 'POST /v1/auth/request-password' 500 64 'PostmanRuntime/7.29.0'
[Sun, 24 Jul 2022 16:09:36 GMT] 'POST /v1/auth/request-password' 500 64 'PostmanRuntime/7.29.0'
[Sun, 24 Jul 2022 16:11:18 GMT] 'POST /v1/auth/request-password' 500 64 'PostmanRuntime/7.29.0'
[Sun, 24 Jul 2022 16:11:46 GMT] 'POST /v1/auth/request-password' 500 64 'PostmanRuntime/7.29.0'
[Sun, 24 Jul 2022 16:12:52 GMT] 'POST /v1/auth/request-password' 500 64 'PostmanRuntime/7.29.0'
[Sun, 24 Jul 2022 16:15:16 GMT] 'POST /v1/auth/request-password' 500 64 'PostmanRuntime/7.29.0'
[Sun, 24 Jul 2022 16:18:25 GMT] 'POST /v1/auth/request-password' 500 64 'PostmanRuntime/7.29.0'
[Sun, 24 Jul 2022 20:27:13 GMT] 'POST /v1/auth/request-password' 500 64 'PostmanRuntime/7.29.0'
[Sun, 24 Jul 2022 20:28:12 GMT] 'POST /v1/auth/request-password' 500 64 'PostmanRuntime/7.29.0'
[Sun, 24 Jul 2022 20:28:39 GMT] 'POST /v1/auth/request-password' 500 64 'PostmanRuntime/7.29.0'
[Sun, 24 Jul 2022 20:30:25 GMT] 'POST /v1/auth/request-password' 500 64 'PostmanRuntime/7.29.0'
[Sun, 24 Jul 2022 20:31:19 GMT] 'POST /v1/auth/request-password' 500 64 'PostmanRuntime/7.29.0'
[Sun, 24 Jul 2022 20:35:46 GMT] 'POST /v1/auth/request-password' 500 64 'PostmanRuntime/7.29.0'
[Sun, 24 Jul 2022 20:39:19 GMT] 'POST /v1/auth/request-password' 500 64 'PostmanRuntime/7.29.0'
[Sun, 24 Jul 2022 20:40:42 GMT] 'POST /v1/auth/request-password' 500 64 'PostmanRuntime/7.29.0'
[Sun, 24 Jul 2022 20:42:19 GMT] 'POST /v1/auth/request-password' 500 64 'PostmanRuntime/7.29.0'
[Sun, 24 Jul 2022 20:44:22 GMT] 'POST /v1/auth/request-password' 500 64 'PostmanRuntime/7.29.0'
[Sun, 24 Jul 2022 20:45:59 GMT] 'POST /v1/auth/request-password' 500 64 'PostmanRuntime/7.29.0'
[Sun, 24 Jul 2022 20:46:30 GMT] 'POST /v1/auth/request-password' 500 64 'PostmanRuntime/7.29.0'
[Sun, 24 Jul 2022 20:49:38 GMT] 'POST /v1/auth/request-password' 500 64 'PostmanRuntime/7.29.0'
[Sun, 24 Jul 2022 20:50:54 GMT] 'POST /v1/auth/request-password' 500 64 'PostmanRuntime/7.29.0'
[Mon, 25 Jul 2022 06:35:37 GMT] 'POST /v1/auth/request-password' 500 64 'PostmanRuntime/7.29.0'
[Mon, 25 Jul 2022 06:38:04 GMT] 'POST /v1/auth/request-password' 500 64 'PostmanRuntime/7.29.0'
[Mon, 25 Jul 2022 06:42:46 GMT] 'POST /v1/auth/request-password' 500 64 'PostmanRuntime/7.29.0'
[Mon, 25 Jul 2022 06:43:41 GMT] 'POST /v1/auth/request-password' 500 64 'PostmanRuntime/7.29.0'
[Mon, 25 Jul 2022 06:44:24 GMT] 'POST /v1/auth/request-password' 500 64 'PostmanRuntime/7.29.0'
[Mon, 25 Jul 2022 06:44:59 GMT] 'POST /v1/auth/request-password' 500 64 'PostmanRuntime/7.29.0'
[Mon, 25 Jul 2022 06:49:38 GMT] 'POST /v1/auth/request-password' 500 64 'PostmanRuntime/7.29.0'
[Mon, 25 Jul 2022 06:50:43 GMT] 'POST /v1/auth/request-password' 500 64 'PostmanRuntime/7.29.0'
[Mon, 25 Jul 2022 06:52:28 GMT] 'POST /v1/auth/request-password' 500 64 'PostmanRuntime/7.29.0'
[Mon, 25 Jul 2022 06:53:20 GMT] 'POST /v1/auth/request-password' 500 64 'PostmanRuntime/7.29.0'
[Mon, 25 Jul 2022 06:53:57 GMT] 'POST /v1/auth/request-password' 500 64 'PostmanRuntime/7.29.0'
[Mon, 25 Jul 2022 06:54:35 GMT] 'POST /v1/auth/request-password' 500 64 'PostmanRuntime/7.29.0'
[Mon, 25 Jul 2022 06:58:29 GMT] 'POST /v1/auth/request-password' 500 64 'PostmanRuntime/7.29.0'
[Mon, 25 Jul 2022 06:58:56 GMT] 'POST /v1/auth/request-password' 500 64 'PostmanRuntime/7.29.0'
[Mon, 25 Jul 2022 07:03:35 GMT] 'POST /v1/auth/request-password' 500 64 'PostmanRuntime/7.29.0'
[Mon, 25 Jul 2022 07:04:28 GMT] 'POST /v1/auth/request-password' 500 64 'PostmanRuntime/7.29.0'
[Mon, 25 Jul 2022 07:05:13 GMT] 'POST /v1/auth/request-password' 500 64 'PostmanRuntime/7.29.0'
[Mon, 25 Jul 2022 07:07:02 GMT] 'POST /v1/auth/request-password' 500 64 'PostmanRuntime/7.29.0'
[Mon, 25 Jul 2022 07:08:12 GMT] 'POST /v1/auth/request-password' 200 77 'PostmanRuntime/7.29.0'
[Mon, 25 Jul 2022 07:10:37 GMT] 'POST /v1/auth/request-password' 200 77 'PostmanRuntime/7.29.0'
[Mon, 25 Jul 2022 07:17:37 GMT] 'POST /v1/auth/request-password' 200 77 'PostmanRuntime/7.29.0'
[Mon, 25 Jul 2022 07:17:44 GMT] 'POST /v1/auth/request-password' 200 77 'PostmanRuntime/7.29.0'
[Mon, 25 Jul 2022 07:17:53 GMT] 'POST /v1/auth/request-password' 200 77 'PostmanRuntime/7.29.0'
[Mon, 25 Jul 2022 08:07:13 GMT] 'POST /v1/auth/request-password' 200 77 'PostmanRuntime/7.29.0'
[Mon, 25 Jul 2022 08:10:23 GMT] 'POST /v1/auth/request-password' 409 130 'PostmanRuntime/7.29.0'
[Mon, 25 Jul 2022 08:10:33 GMT] 'POST /v1/auth/request-password' 200 77 'PostmanRuntime/7.29.0'
[Mon, 25 Jul 2022 11:49:37 GMT] 'POST /v1/auth/reset-password/eyJhbGciOiJIUzI1NiIsInR5cCI6IkpXVCJ9.eyJlbWFpbCI6Im1lbmFlbHZpc2pvbmVzQGdtYWlsLmNvbSIsImlhdCI6MTY1ODczNjYzMCwiZXhwIjoxNjU4NzM2ODcwfQ.QwOCRmvpZLaHzqDojmpsXCgX6icx8D2VvML22qFLSnM' - - 'PostmanRuntime/7.29.0'
[Mon, 25 Jul 2022 11:49:43 GMT] 'POST /v1/auth/reset-password/eyJhbGciOiJIUzI1NiIsInR5cCI6IkpXVCJ9.eyJlbWFpbCI6Im1lbmFlbHZpc2pvbmVzQGdtYWlsLmNvbSIsImlhdCI6MTY1ODczNjYzMCwiZXhwIjoxNjU4NzM2ODcwfQ.QwOCRmvpZLaHzqDojmpsXCgX6icx8D2VvML22qFLSnM' 400 99 'PostmanRuntime/7.29.0'
[Mon, 25 Jul 2022 11:49:55 GMT] 'POST /v1/auth/reset-password/eyJhbGciOiJIUzI1NiIsInR5cCI6IkpXVCJ9.eyJlbWFpbCI6Im1lbmFlbHZpc2pvbmVzQGdtYWlsLmNvbSIsImlhdCI6MTY1ODczNjYzMCwiZXhwIjoxNjU4NzM2ODcwfQ.QwOCRmvpZLaHzqDojmpsXCgX6icx8D2VvML22qFLSnM' 400 99 'PostmanRuntime/7.29.0'
[Mon, 25 Jul 2022 11:51:13 GMT] 'POST /v1/auth/reset-password/eyJhbGciOiJIUzI1NiIsInR5cCI6IkpXVCJ9.eyJlbWFpbCI6Im1lbmFlbHZpc2pvbmVzQGdtYWlsLmNvbSIsImlhdCI6MTY1ODczNjYzMCwiZXhwIjoxNjU4NzM2ODcwfQ.QwOCRmvpZLaHzqDojmpsXCgX6icx8D2VvML22qFLSnM' 400 99 'PostmanRuntime/7.29.0'
[Mon, 25 Jul 2022 11:51:18 GMT] 'POST /v1/auth/reset-password/eyJhbGciOiJIUzI1NiIsInR5cCI6IkpXVCJ9.eyJlbWFpbCI6Im1lbmFlbHZpc2pvbmVzQGdtYWlsLmNvbSIsImlhdCI6MTY1ODczNjYzMCwiZXhwIjoxNjU4NzM2ODcwfQ.QwOCRmvpZLaHzqDojmpsXCgX6icx8D2VvML22qFLSnM' 400 90 'PostmanRuntime/7.29.0'
[Mon, 25 Jul 2022 11:51:44 GMT] 'POST /v1/auth/reset-password/' 404 61 'PostmanRuntime/7.29.0'
[Mon, 25 Jul 2022 11:51:53 GMT] 'POST /v1/auth/reset-password/eyJhbGciOiJIUzI1NiIsInR5cCI6IkpXVCJ9.eyJlbWFpbCI6Im1lbmFlbHZpc2pvbmVzQGdtYWlsLmNvbSIsImlhdCI6MTY1ODczNjYzMCwiZXhwIjoxNjU4NzM2ODcwfQ.QwOCRmvpZLaHzqDojmpsXCgX6icx8D2VvML22qFLSnM' 400 90 'PostmanRuntime/7.29.0'
[Wed, 27 Jul 2022 23:38:51 GMT] 'POST /v1/auth/reset-password' 400 90 'PostmanRuntime/7.29.0'
[Wed, 27 Jul 2022 23:40:10 GMT] 'POST /v1/auth/reset-password' - - 'PostmanRuntime/7.29.0'
[Wed, 27 Jul 2022 23:42:12 GMT] 'POST /v1/auth/reset-password' - - 'PostmanRuntime/7.29.0'
[Wed, 27 Jul 2022 23:43:24 GMT] 'POST /v1/auth/request-password' 200 77 'PostmanRuntime/7.29.0'
[Wed, 27 Jul 2022 23:46:17 GMT] 'POST /v1/auth/reset-password' - - 'PostmanRuntime/7.29.0'
[Wed, 27 Jul 2022 23:47:14 GMT] 'POST /v1/auth/reset-password' - - 'PostmanRuntime/7.29.0'
[Wed, 27 Jul 2022 23:47:37 GMT] 'POST /v1/auth/reset-password' - - 'PostmanRuntime/7.29.0'
[Wed, 27 Jul 2022 23:47:56 GMT] 'POST /v1/auth/reset-password' - - 'PostmanRuntime/7.29.0'
[Wed, 27 Jul 2022 23:50:06 GMT] 'POST /v1/auth/reset-password' - - 'PostmanRuntime/7.29.0'
[Wed, 27 Jul 2022 23:51:25 GMT] 'POST /v1/auth/reset-password' - - 'PostmanRuntime/7.29.0'
[Thu, 28 Jul 2022 00:01:48 GMT] 'POST /v1/auth/reset-password' 200 67 'PostmanRuntime/7.29.0'
[Thu, 28 Jul 2022 00:02:16 GMT] 'POST /v1/auth/reset-password' 401 65 'PostmanRuntime/7.29.0'
[Thu, 28 Jul 2022 05:52:01 GMT] 'POST /v1/auth/request-password' 200 77 'PostmanRuntime/7.29.0'
[Thu, 28 Jul 2022 05:52:08 GMT] 'POST /v1/auth/request-password' 200 77 'PostmanRuntime/7.29.0'
[Thu, 28 Jul 2022 05:52:20 GMT] 'POST /v1/auth/request-password' 200 77 'PostmanRuntime/7.29.0'
[Thu, 28 Jul 2022 05:52:27 GMT] 'POST /v1/auth/request-password' 200 77 'PostmanRuntime/7.29.0'
[Thu, 28 Jul 2022 06:05:00 GMT] 'POST /v1/auth/reset-password' 401 114 'PostmanRuntime/7.29.0'
[Thu, 28 Jul 2022 06:05:18 GMT] 'POST /v1/auth/request-password' 200 77 'PostmanRuntime/7.29.0'
[Thu, 28 Jul 2022 06:06:13 GMT] 'POST /v1/auth/reset-password' 500 64 'PostmanRuntime/7.29.0'
[Thu, 28 Jul 2022 06:11:08 GMT] 'POST /v1/auth/reset-password' 401 114 'PostmanRuntime/7.29.0'
[Thu, 28 Jul 2022 06:11:26 GMT] 'POST /v1/auth/request-password' 200 77 'PostmanRuntime/7.29.0'
[Thu, 28 Jul 2022 06:12:07 GMT] 'POST /v1/auth/reset-password' 500 64 'PostmanRuntime/7.29.0'
[Thu, 28 Jul 2022 06:12:59 GMT] 'POST /v1/auth/reset-password' 200 82 'PostmanRuntime/7.29.0'
[Thu, 28 Jul 2022 06:21:01 GMT] 'POST /v1/auth/reset-password' 401 114 'PostmanRuntime/7.29.0'
[Thu, 28 Jul 2022 06:21:10 GMT] 'POST /v1/auth/request-password' 200 77 'PostmanRuntime/7.29.0'
[Thu, 28 Jul 2022 06:21:56 GMT] 'POST /v1/auth/reset-password' 200 82 'PostmanRuntime/7.29.0'
[Tue, 02 Aug 2022 02:40:22 GMT] 'POST /v1/auth/login' 200 391 'PostmanRuntime/7.29.0'
[Tue, 02 Aug 2022 02:41:59 GMT] 'POST /v1/auth/login' 200 391 'PostmanRuntime/7.29.0'
[Tue, 02 Aug 2022 02:55:11 GMT] 'POST /v1/auth/login' 422 122 'PostmanRuntime/7.29.0'
[Tue, 02 Aug 2022 07:47:01 GMT] 'POST /v1/auth/logout' 500 64 'PostmanRuntime/7.29.0'
[Tue, 02 Aug 2022 07:48:29 GMT] 'POST /v1/auth/logout' 500 64 'PostmanRuntime/7.29.0'
[Tue, 02 Aug 2022 07:53:26 GMT] 'POST /v1/auth/logout' 500 64 'PostmanRuntime/7.29.0'
[Tue, 02 Aug 2022 07:58:33 GMT] 'POST /v1/auth/logout' 401 63 'PostmanRuntime/7.29.0'
[Tue, 02 Aug 2022 07:59:12 GMT] 'POST /v1/auth/login' 422 122 'PostmanRuntime/7.29.0'
[Tue, 02 Aug 2022 08:02:00 GMT] 'POST /v1/auth/logout' 200 70 'PostmanRuntime/7.29.0'
[Tue, 02 Aug 2022 08:04:32 GMT] 'POST /v1/auth/logout' 403 68 'PostmanRuntime/7.29.0'
[Tue, 02 Aug 2022 08:07:10 GMT] 'POST /v1/auth/login' 200 391 'PostmanRuntime/7.29.0'
[Tue, 02 Aug 2022 08:07:31 GMT] 'POST /v1/auth/logout' 403 68 'PostmanRuntime/7.29.0'
[Tue, 02 Aug 2022 08:08:09 GMT] 'POST /v1/auth/login' 200 391 'PostmanRuntime/7.29.0'
[Tue, 02 Aug 2022 08:08:50 GMT] 'POST /v1/auth/logout' 403 68 'PostmanRuntime/7.29.0'
[Tue, 02 Aug 2022 08:16:13 GMT] 'POST /v1/auth/login' 200 391 'PostmanRuntime/7.29.0'
[Tue, 02 Aug 2022 08:17:30 GMT] 'POST /v1/auth/logout' 200 70 'PostmanRuntime/7.29.0'
[Tue, 02 Aug 2022 09:28:28 GMT] 'POST /v1/auth/login' 500 64 'PostmanRuntime/7.29.0'
[Tue, 02 Aug 2022 09:32:42 GMT] 'POST /v1/auth/login' 200 391 'PostmanRuntime/7.29.0'
[Tue, 02 Aug 2022 09:41:16 GMT] 'POST /v1/auth/login' 500 64 'PostmanRuntime/7.29.0'
[Tue, 02 Aug 2022 09:46:39 GMT] 'POST /v1/auth/login' 500 64 'PostmanRuntime/7.29.0'
[Tue, 02 Aug 2022 09:47:10 GMT] 'POST /v1/auth/login' 500 64 'PostmanRuntime/7.29.0'
[Tue, 02 Aug 2022 09:55:04 GMT] 'POST /v1/auth/login' 200 391 'PostmanRuntime/7.29.0'
[Tue, 02 Aug 2022 22:19:41 GMT] 'POST /v1/auth/login' 200 391 'PostmanRuntime/7.29.0'
[Tue, 02 Aug 2022 22:20:10 GMT] 'POST /v1/auth/login' 200 391 'PostmanRuntime/7.29.0'
[Tue, 02 Aug 2022 22:21:01 GMT] 'POST /v1/auth/login' 200 391 'PostmanRuntime/7.29.0'
[Tue, 02 Aug 2022 22:21:21 GMT] 'POST /v1/auth/login' 200 391 'PostmanRuntime/7.29.0'
[Tue, 02 Aug 2022 22:21:45 GMT] 'POST /v1/auth/login' 200 391 'PostmanRuntime/7.29.0'
[Tue, 02 Aug 2022 22:26:58 GMT] 'POST /v1/auth/login' 200 391 'PostmanRuntime/7.29.0'
[Tue, 02 Aug 2022 22:37:35 GMT] 'POST /v1/auth/login' 200 391 'PostmanRuntime/7.29.0'
[Tue, 02 Aug 2022 22:38:57 GMT] 'POST /v1/auth/login' 200 391 'PostmanRuntime/7.29.0'
[Tue, 02 Aug 2022 22:45:52 GMT] 'POST /v1/auth/login' 200 391 'PostmanRuntime/7.29.0'
[Tue, 02 Aug 2022 22:47:00 GMT] 'POST /v1/auth/login' 200 391 'PostmanRuntime/7.29.0'
[Tue, 02 Aug 2022 22:49:30 GMT] 'POST /v1/auth/login' 200 391 'PostmanRuntime/7.29.0'
[Tue, 02 Aug 2022 22:49:54 GMT] 'POST /v1/auth/login' 200 391 'PostmanRuntime/7.29.0'
[Tue, 02 Aug 2022 22:58:22 GMT] 'POST /v1/auth/login' 200 391 'PostmanRuntime/7.29.0'
[Tue, 02 Aug 2022 23:03:26 GMT] 'POST /v1/auth/login' 200 391 'PostmanRuntime/7.29.0'
[Tue, 02 Aug 2022 23:04:22 GMT] 'POST /v1/auth/login' 200 391 'PostmanRuntime/7.29.0'
[Tue, 02 Aug 2022 23:04:39 GMT] 'POST /v1/auth/login' 200 391 'PostmanRuntime/7.29.0'
[Tue, 02 Aug 2022 23:04:42 GMT] 'POST /v1/auth/login' 200 391 'PostmanRuntime/7.29.0'
[Tue, 02 Aug 2022 23:04:50 GMT] 'POST /v1/auth/login' 200 391 'PostmanRuntime/7.29.0'
[Tue, 02 Aug 2022 23:04:52 GMT] 'POST /v1/auth/login' 200 391 'PostmanRuntime/7.29.0'
[Tue, 02 Aug 2022 23:04:57 GMT] 'POST /v1/auth/login' 200 391 'PostmanRuntime/7.29.0'
[Tue, 02 Aug 2022 23:05:03 GMT] 'POST /v1/auth/login' 200 391 'PostmanRuntime/7.29.0'
[Tue, 02 Aug 2022 23:12:13 GMT] 'POST /v1/auth/login' 200 391 'PostmanRuntime/7.29.0'
[Tue, 02 Aug 2022 23:17:47 GMT] 'POST /v1/auth/logout' 200 70 'PostmanRuntime/7.29.0'
[Tue, 02 Aug 2022 23:26:10 GMT] 'POST /v1/auth/logout' 200 70 'PostmanRuntime/7.29.0'
[Wed, 03 Aug 2022 03:54:10 GMT] 'POST /v1/auth/login' 200 391 'PostmanRuntime/7.29.0'
[Wed, 03 Aug 2022 03:54:26 GMT] 'POST /v1/auth/login' 200 391 'PostmanRuntime/7.29.0'
[Wed, 03 Aug 2022 04:02:57 GMT] 'POST /v1/auth/logout' 200 70 'PostmanRuntime/7.29.0'
[Wed, 03 Aug 2022 04:31:02 GMT] 'POST /v1/auth/login' 200 391 'PostmanRuntime/7.29.0'
[Wed, 03 Aug 2022 04:31:21 GMT] 'POST /v1/auth/logout' 403 68 'PostmanRuntime/7.29.0'
[Wed, 03 Aug 2022 04:32:31 GMT] 'POST /v1/auth/logout' 403 68 'PostmanRuntime/7.29.0'
[Wed, 03 Aug 2022 06:50:44 GMT] 'POST /v1/auth/login' - - 'PostmanRuntime/7.29.0'
[Wed, 03 Aug 2022 07:49:33 GMT] 'POST /v1/auth/login' 200 391 'PostmanRuntime/7.29.0'
[Wed, 03 Aug 2022 07:52:00 GMT] 'POST /v1/auth/logout' - - 'PostmanRuntime/7.29.0'
[Wed, 03 Aug 2022 07:52:01 GMT] 'POST /v1/auth/logout' 403 68 'PostmanRuntime/7.29.0'
[Wed, 03 Aug 2022 07:52:29 GMT] 'POST /v1/auth/logout' 403 68 'PostmanRuntime/7.29.0'
[Wed, 03 Aug 2022 07:54:43 GMT] 'POST /v1/auth/login' 200 391 'PostmanRuntime/7.29.0'
[Wed, 03 Aug 2022 07:57:08 GMT] 'POST /v1/auth/logout' 403 68 'PostmanRuntime/7.29.0'
[Wed, 03 Aug 2022 07:57:21 GMT] 'POST /v1/auth/login' 200 391 'PostmanRuntime/7.29.0'
[Wed, 03 Aug 2022 07:57:33 GMT] 'POST /v1/auth/logout' 401 63 'PostmanRuntime/7.29.0'
[Wed, 03 Aug 2022 07:58:30 GMT] 'POST /v1/auth/logout' 401 63 'PostmanRuntime/7.29.0'
[Wed, 03 Aug 2022 07:58:53 GMT] 'POST /v1/auth/logout' 403 68 'PostmanRuntime/7.29.0'
[Wed, 03 Aug 2022 08:00:35 GMT] 'POST /v1/auth/login' 200 391 'PostmanRuntime/7.29.0'
[Wed, 03 Aug 2022 08:00:58 GMT] 'POST /v1/auth/logout' 401 63 'PostmanRuntime/7.29.0'
[Wed, 03 Aug 2022 08:01:27 GMT] 'POST /v1/auth/logout' 401 63 'PostmanRuntime/7.29.0'
[Wed, 03 Aug 2022 08:06:09 GMT] 'POST /v1/auth/login' 200 391 'PostmanRuntime/7.29.0'
[Wed, 03 Aug 2022 08:06:25 GMT] 'POST /v1/auth/logout' 500 64 'PostmanRuntime/7.29.0'
[Wed, 03 Aug 2022 08:07:39 GMT] 'POST /v1/auth/logout' 403 68 'PostmanRuntime/7.29.0'
[Wed, 03 Aug 2022 08:08:24 GMT] 'POST /v1/auth/login' 200 391 'PostmanRuntime/7.29.0'
[Wed, 03 Aug 2022 08:08:43 GMT] 'POST /v1/auth/logout' 200 70 'PostmanRuntime/7.29.0'
[Wed, 03 Aug 2022 08:09:18 GMT] 'POST /v1/auth/logout' 401 63 'PostmanRuntime/7.29.0'
[Wed, 03 Aug 2022 08:09:55 GMT] 'POST /v1/auth/logout' 403 68 'PostmanRuntime/7.29.0'
[Wed, 03 Aug 2022 08:15:17 GMT] 'POST /v1/auth/login' 200 391 'PostmanRuntime/7.29.0'
[Wed, 03 Aug 2022 08:15:33 GMT] 'POST /v1/auth/logout' 200 70 'PostmanRuntime/7.29.0'
[Wed, 03 Aug 2022 08:15:37 GMT] 'POST /v1/auth/logout' 401 63 'PostmanRuntime/7.29.0'
[Wed, 03 Aug 2022 08:15:44 GMT] 'POST /v1/auth/logout' 401 63 'PostmanRuntime/7.29.0'
[Wed, 03 Aug 2022 08:15:51 GMT] 'POST /v1/auth/logout' 401 63 'PostmanRuntime/7.29.0'
[Wed, 03 Aug 2022 08:16:05 GMT] 'POST /v1/auth/logout' 401 63 'PostmanRuntime/7.29.0'
[Wed, 03 Aug 2022 08:19:44 GMT] 'POST /v1/auth/logout' 401 63 'PostmanRuntime/7.29.0'
[Wed, 03 Aug 2022 08:24:40 GMT] 'POST /v1/auth/logout' 401 63 'PostmanRuntime/7.29.0'
[Wed, 03 Aug 2022 16:26:50 GMT] 'POST /v1/auth/logout' 401 63 'PostmanRuntime/7.29.0'
[Wed, 03 Aug 2022 16:41:14 GMT] 'POST /v1/auth/login' 200 391 'PostmanRuntime/7.29.0'
[Wed, 03 Aug 2022 16:43:13 GMT] 'POST /v1/auth/login' 200 391 'PostmanRuntime/7.29.0'
[Wed, 03 Aug 2022 16:52:22 GMT] 'POST /v1/auth/login' 200 391 'PostmanRuntime/7.29.0'
[Wed, 03 Aug 2022 16:54:03 GMT] 'POST /v1/auth/login' 200 391 'PostmanRuntime/7.29.0'
[Wed, 03 Aug 2022 16:57:16 GMT] 'POST /v1/auth/login' 200 391 'PostmanRuntime/7.29.0'
[Wed, 03 Aug 2022 16:58:54 GMT] 'POST /v1/auth/logout' 200 70 'PostmanRuntime/7.29.0'
[Wed, 03 Aug 2022 21:49:54 GMT] 'POST /v1/login' 404 61 'Mozilla/5.0 (Macintosh; Intel Mac OS X 10_15_7) AppleWebKit/537.36 (KHTML, like Gecko) Chrome/98.0.4758.109 Safari/537.36'
[Wed, 03 Aug 2022 21:50:45 GMT] 'POST /v1/auth/login' 422 122 'Mozilla/5.0 (Macintosh; Intel Mac OS X 10_15_7) AppleWebKit/537.36 (KHTML, like Gecko) Chrome/98.0.4758.109 Safari/537.36'
[Wed, 03 Aug 2022 21:53:04 GMT] 'POST /v1/auth/login' 422 122 'Mozilla/5.0 (Macintosh; Intel Mac OS X 10_15_7) AppleWebKit/537.36 (KHTML, like Gecko) Chrome/98.0.4758.109 Safari/537.36'
[Wed, 03 Aug 2022 21:54:45 GMT] 'POST /v1/auth/login' 422 122 'Mozilla/5.0 (Macintosh; Intel Mac OS X 10_15_7) AppleWebKit/537.36 (KHTML, like Gecko) Chrome/98.0.4758.109 Safari/537.36'
[Wed, 03 Aug 2022 21:55:13 GMT] 'POST /v1/auth/login' 422 122 'Mozilla/5.0 (Macintosh; Intel Mac OS X 10_15_7) AppleWebKit/537.36 (KHTML, like Gecko) Chrome/98.0.4758.109 Safari/537.36'
[Wed, 03 Aug 2022 21:55:59 GMT] 'POST /v1/auth/login' 422 122 'Mozilla/5.0 (Macintosh; Intel Mac OS X 10_15_7) AppleWebKit/537.36 (KHTML, like Gecko) Chrome/98.0.4758.109 Safari/537.36'
[Wed, 03 Aug 2022 21:56:59 GMT] 'POST /v1/auth/login' 422 122 'Mozilla/5.0 (Macintosh; Intel Mac OS X 10_15_7) AppleWebKit/537.36 (KHTML, like Gecko) Chrome/98.0.4758.109 Safari/537.36'
[Wed, 03 Aug 2022 21:58:18 GMT] 'POST /v1/auth/login' 422 122 'Mozilla/5.0 (Macintosh; Intel Mac OS X 10_15_7) AppleWebKit/537.36 (KHTML, like Gecko) Chrome/98.0.4758.109 Safari/537.36'
[Wed, 03 Aug 2022 22:00:03 GMT] 'POST /v1/auth/login' 409 117 'Mozilla/5.0 (Macintosh; Intel Mac OS X 10_15_7) AppleWebKit/537.36 (KHTML, like Gecko) Chrome/98.0.4758.109 Safari/537.36'
[Wed, 03 Aug 2022 22:00:47 GMT] 'POST /v1/auth/login' 409 117 'Mozilla/5.0 (Macintosh; Intel Mac OS X 10_15_7) AppleWebKit/537.36 (KHTML, like Gecko) Chrome/98.0.4758.109 Safari/537.36'
[Wed, 03 Aug 2022 22:01:25 GMT] 'POST /v1/auth/login' 200 391 'Mozilla/5.0 (Macintosh; Intel Mac OS X 10_15_7) AppleWebKit/537.36 (KHTML, like Gecko) Chrome/98.0.4758.109 Safari/537.36'
[Thu, 04 Aug 2022 20:17:44 GMT] 'POST /v1/auth/login' 401 102 'Mozilla/5.0 (Macintosh; Intel Mac OS X 10_15_7) AppleWebKit/537.36 (KHTML, like Gecko) Chrome/98.0.4758.109 Safari/537.36'
[Thu, 04 Aug 2022 20:17:44 GMT] 'POST /v1/auth/login' 401 102 'Mozilla/5.0 (Macintosh; Intel Mac OS X 10_15_7) AppleWebKit/537.36 (KHTML, like Gecko) Chrome/98.0.4758.109 Safari/537.36'
[Thu, 04 Aug 2022 20:21:38 GMT] 'POST /v1/auth/login' 401 102 'Mozilla/5.0 (Macintosh; Intel Mac OS X 10_15_7) AppleWebKit/537.36 (KHTML, like Gecko) Chrome/98.0.4758.109 Safari/537.36'
[Thu, 04 Aug 2022 20:21:44 GMT] 'POST /v1/auth/login' 401 102 'Mozilla/5.0 (Macintosh; Intel Mac OS X 10_15_7) AppleWebKit/537.36 (KHTML, like Gecko) Chrome/98.0.4758.109 Safari/537.36'
[Thu, 04 Aug 2022 20:21:44 GMT] 'POST /v1/auth/login' 401 102 'Mozilla/5.0 (Macintosh; Intel Mac OS X 10_15_7) AppleWebKit/537.36 (KHTML, like Gecko) Chrome/98.0.4758.109 Safari/537.36'
[Thu, 04 Aug 2022 20:22:15 GMT] 'POST /v1/auth/login' 401 102 'Mozilla/5.0 (Macintosh; Intel Mac OS X 10_15_7) AppleWebKit/537.36 (KHTML, like Gecko) Chrome/98.0.4758.109 Safari/537.36'
[Thu, 04 Aug 2022 20:22:21 GMT] 'POST /v1/auth/login' 401 102 'Mozilla/5.0 (Macintosh; Intel Mac OS X 10_15_7) AppleWebKit/537.36 (KHTML, like Gecko) Chrome/98.0.4758.109 Safari/537.36'
[Thu, 04 Aug 2022 20:22:25 GMT] 'POST /v1/auth/login' 401 102 'Mozilla/5.0 (Macintosh; Intel Mac OS X 10_15_7) AppleWebKit/537.36 (KHTML, like Gecko) Chrome/98.0.4758.109 Safari/537.36'
[Thu, 04 Aug 2022 20:24:51 GMT] 'POST /v1/auth/login' 401 102 'Mozilla/5.0 (Macintosh; Intel Mac OS X 10_15_7) AppleWebKit/537.36 (KHTML, like Gecko) Chrome/98.0.4758.109 Safari/537.36'
[Thu, 04 Aug 2022 20:25:04 GMT] 'POST /v1/auth/login' 401 102 'Mozilla/5.0 (Macintosh; Intel Mac OS X 10_15_7) AppleWebKit/537.36 (KHTML, like Gecko) Chrome/98.0.4758.109 Safari/537.36'
[Thu, 04 Aug 2022 20:25:43 GMT] 'POST /v1/auth/login' 401 102 'Mozilla/5.0 (Macintosh; Intel Mac OS X 10_15_7) AppleWebKit/537.36 (KHTML, like Gecko) Chrome/98.0.4758.109 Safari/537.36'
[Thu, 04 Aug 2022 20:26:16 GMT] 'POST /v1/auth/login' 401 102 'Mozilla/5.0 (Macintosh; Intel Mac OS X 10_15_7) AppleWebKit/537.36 (KHTML, like Gecko) Chrome/98.0.4758.109 Safari/537.36'
[Thu, 04 Aug 2022 23:14:08 GMT] 'POST /v1/auth/login' 401 102 'Mozilla/5.0 (Macintosh; Intel Mac OS X 10_15_7) AppleWebKit/537.36 (KHTML, like Gecko) Chrome/98.0.4758.109 Safari/537.36'
[Thu, 04 Aug 2022 23:14:09 GMT] 'POST /v1/auth/login' 401 102 'Mozilla/5.0 (Macintosh; Intel Mac OS X 10_15_7) AppleWebKit/537.36 (KHTML, like Gecko) Chrome/98.0.4758.109 Safari/537.36'
[Thu, 04 Aug 2022 23:14:19 GMT] 'POST /v1/auth/login' 401 102 'Mozilla/5.0 (Macintosh; Intel Mac OS X 10_15_7) AppleWebKit/537.36 (KHTML, like Gecko) Chrome/98.0.4758.109 Safari/537.36'
[Thu, 04 Aug 2022 23:14:19 GMT] 'POST /v1/auth/login' 401 102 'Mozilla/5.0 (Macintosh; Intel Mac OS X 10_15_7) AppleWebKit/537.36 (KHTML, like Gecko) Chrome/98.0.4758.109 Safari/537.36'
[Thu, 04 Aug 2022 23:14:25 GMT] 'POST /v1/auth/login' 401 102 'Mozilla/5.0 (Macintosh; Intel Mac OS X 10_15_7) AppleWebKit/537.36 (KHTML, like Gecko) Chrome/98.0.4758.109 Safari/537.36'
[Thu, 04 Aug 2022 23:15:20 GMT] 'POST /v1/auth/login' 401 102 'Mozilla/5.0 (Macintosh; Intel Mac OS X 10_15_7) AppleWebKit/537.36 (KHTML, like Gecko) Chrome/98.0.4758.109 Safari/537.36'
[Thu, 04 Aug 2022 23:19:04 GMT] 'POST /v1/auth/login' 401 102 'Mozilla/5.0 (Macintosh; Intel Mac OS X 10_15_7) AppleWebKit/537.36 (KHTML, like Gecko) Chrome/98.0.4758.109 Safari/537.36'
[Fri, 05 Aug 2022 08:52:16 GMT] 'POST /v1/auth/login' 401 102 'Mozilla/5.0 (Macintosh; Intel Mac OS X 10_15_7) AppleWebKit/537.36 (KHTML, like Gecko) Chrome/98.0.4758.109 Safari/537.36'
[Fri, 05 Aug 2022 08:52:16 GMT] 'POST /v1/auth/login' 401 102 'Mozilla/5.0 (Macintosh; Intel Mac OS X 10_15_7) AppleWebKit/537.36 (KHTML, like Gecko) Chrome/98.0.4758.109 Safari/537.36'
[Fri, 05 Aug 2022 08:52:27 GMT] 'POST /v1/auth/login' 401 102 'Mozilla/5.0 (Macintosh; Intel Mac OS X 10_15_7) AppleWebKit/537.36 (KHTML, like Gecko) Chrome/98.0.4758.109 Safari/537.36'
[Fri, 05 Aug 2022 08:52:27 GMT] 'POST /v1/auth/login' 401 102 'Mozilla/5.0 (Macintosh; Intel Mac OS X 10_15_7) AppleWebKit/537.36 (KHTML, like Gecko) Chrome/98.0.4758.109 Safari/537.36'
[Fri, 05 Aug 2022 08:52:29 GMT] 'POST /v1/auth/login' 401 102 'Mozilla/5.0 (Macintosh; Intel Mac OS X 10_15_7) AppleWebKit/537.36 (KHTML, like Gecko) Chrome/98.0.4758.109 Safari/537.36'
[Fri, 05 Aug 2022 09:11:05 GMT] 'POST /v1/auth/login' 401 102 'Mozilla/5.0 (Macintosh; Intel Mac OS X 10_15_7) AppleWebKit/537.36 (KHTML, like Gecko) Chrome/98.0.4758.109 Safari/537.36'
[Fri, 05 Aug 2022 09:11:05 GMT] 'POST /v1/auth/login' 401 102 'Mozilla/5.0 (Macintosh; Intel Mac OS X 10_15_7) AppleWebKit/537.36 (KHTML, like Gecko) Chrome/98.0.4758.109 Safari/537.36'
