[Sun, 26 Jun 2022 11:37:58 GMT] 'POST /v1/auth/loginq' 404 1298 'PostmanRuntime/7.29.0'
[Sun, 26 Jun 2022 11:39:27 GMT] 'POST /v1/auth/loginq' 404 1298 'PostmanRuntime/7.29.0'
[Thu, 30 Jun 2022 09:43:44 GMT] 'POST /v1/auth/login' 500 64 'PostmanRuntime/7.29.0'
[Thu, 30 Jun 2022 09:44:18 GMT] 'POST /v1/auth/login' 500 82 'PostmanRuntime/7.29.0'
[Thu, 30 Jun 2022 09:45:23 GMT] 'POST /v1/auth/login' 500 82 'PostmanRuntime/7.29.0'
[Thu, 30 Jun 2022 09:48:43 GMT] 'POST /v1/auth/login' 500 85 'PostmanRuntime/7.29.0'
[Thu, 30 Jun 2022 10:16:44 GMT] 'POST /v1/auth/login' 500 85 'PostmanRuntime/7.29.0'
[Thu, 30 Jun 2022 10:19:15 GMT] 'POST /v1/auth/login' 500 85 'PostmanRuntime/7.29.0'
[Thu, 30 Jun 2022 10:19:41 GMT] 'POST /v1/auth/login' 500 85 'PostmanRuntime/7.29.0'
[Thu, 30 Jun 2022 10:20:11 GMT] 'POST /v1/auth/login' 500 85 'PostmanRuntime/7.29.0'
[Thu, 30 Jun 2022 10:20:41 GMT] 'POST /v1/auth/login' 500 85 'PostmanRuntime/7.29.0'
[Thu, 30 Jun 2022 10:29:15 GMT] 'POST /v1/auth/login' 500 64 'PostmanRuntime/7.29.0'
[Thu, 30 Jun 2022 11:30:24 GMT] 'POST /v1/auth/login' 500 64 'PostmanRuntime/7.29.0'
[Thu, 30 Jun 2022 21:19:46 GMT] 'POST /v1/auth/login' 500 91 'PostmanRuntime/7.29.0'
[Thu, 30 Jun 2022 21:26:44 GMT] 'POST /v1/auth/login' 500 85 'PostmanRuntime/7.29.0'
[Thu, 30 Jun 2022 21:27:02 GMT] 'POST /v1/auth/login' 500 85 'PostmanRuntime/7.29.0'
[Fri, 01 Jul 2022 00:38:52 GMT] 'POST /v1/auth/login' 500 85 'PostmanRuntime/7.29.0'
[Fri, 01 Jul 2022 11:45:02 GMT] 'POST /v1/auth/login' 500 83 'PostmanRuntime/7.29.0'
[Fri, 01 Jul 2022 11:45:30 GMT] 'POST /v1/auth/login' 500 83 'PostmanRuntime/7.29.0'
[Fri, 01 Jul 2022 11:46:09 GMT] 'POST /v1/auth/login' 500 64 'PostmanRuntime/7.29.0'
[Fri, 01 Jul 2022 11:59:27 GMT] 'POST /v1/auth/login' 500 64 'PostmanRuntime/7.29.0'
[Sat, 02 Jul 2022 09:43:44 GMT] 'POST /v1/auth/signup' 500 64 'PostmanRuntime/7.29.0'
[Sat, 02 Jul 2022 16:35:27 GMT] 'POST /v1/auth/signup' 500 64 'PostmanRuntime/7.29.0'
[Sat, 02 Jul 2022 20:22:52 GMT] 'POST /v1/auth/login' 500 64 'PostmanRuntime/7.29.0'
[Sun, 03 Jul 2022 13:38:40 GMT] 'POST /v1/auth/login' 409 113 'PostmanRuntime/7.29.0'
[Sun, 03 Jul 2022 13:39:20 GMT] 'POST /v1/auth/login' 409 114 'PostmanRuntime/7.29.0'
[Sun, 03 Jul 2022 22:00:37 GMT] 'POST /v1/auth/signup' 500 64 'PostmanRuntime/7.29.0'
[Sun, 03 Jul 2022 22:01:40 GMT] 'POST /v1/auth/signup' 500 64 'PostmanRuntime/7.29.0'
[Sun, 03 Jul 2022 22:37:10 GMT] 'POST /v1/auth/signup' 500 64 'PostmanRuntime/7.29.0'
[Sun, 03 Jul 2022 23:30:48 GMT] 'POST /v1/auth/login' 500 64 'PostmanRuntime/7.29.0'
[Sun, 03 Jul 2022 23:32:48 GMT] 'POST /v1/auth/login' 409 114 'PostmanRuntime/7.29.0'
[Tue, 05 Jul 2022 13:47:35 GMT] 'GET /' 500 64 'Mozilla/5.0 (Macintosh; Intel Mac OS X 10_15_7) AppleWebKit/537.36 (KHTML, like Gecko) Chrome/98.0.4758.109 Safari/537.36'
[Tue, 05 Jul 2022 13:47:36 GMT] 'GET /favicon.ico' 404 61 'Mozilla/5.0 (Macintosh; Intel Mac OS X 10_15_7) AppleWebKit/537.36 (KHTML, like Gecko) Chrome/98.0.4758.109 Safari/537.36'
[Tue, 05 Jul 2022 13:48:12 GMT] 'GET /' 404 61 'Mozilla/5.0 (Macintosh; Intel Mac OS X 10_15_7) AppleWebKit/537.36 (KHTML, like Gecko) Chrome/98.0.4758.109 Safari/537.36'
[Tue, 05 Jul 2022 13:48:26 GMT] 'GET /' 500 64 'Mozilla/5.0 (Macintosh; Intel Mac OS X 10_15_7) AppleWebKit/537.36 (KHTML, like Gecko) Chrome/98.0.4758.109 Safari/537.36'
[Tue, 05 Jul 2022 13:48:31 GMT] 'GET /' 500 64 'Mozilla/5.0 (Macintosh; Intel Mac OS X 10_15_7) AppleWebKit/537.36 (KHTML, like Gecko) Chrome/98.0.4758.109 Safari/537.36'
[Thu, 14 Jul 2022 06:59:55 GMT] 'GET /favicon.ico' 404 61 'Mozilla/5.0 (Macintosh; Intel Mac OS X 10_15_7) AppleWebKit/537.36 (KHTML, like Gecko) Chrome/98.0.4758.109 Safari/537.36'
[Sat, 23 Jul 2022 13:53:14 GMT] 'POST /v1/auth/request-password' 409 130 'PostmanRuntime/7.29.0'
[Sun, 24 Jul 2022 14:15:50 GMT] 'POST /v1/auth/request-password' 409 130 'PostmanRuntime/7.29.0'
[Sun, 24 Jul 2022 15:29:37 GMT] 'POST /v1/auth/request-password' 409 130 'PostmanRuntime/7.29.0'
[Sun, 24 Jul 2022 15:29:43 GMT] 'POST /v1/auth/request-password' 500 64 'PostmanRuntime/7.29.0'
[Sun, 24 Jul 2022 15:32:14 GMT] 'POST /v1/auth/request-password' 500 64 'PostmanRuntime/7.29.0'
[Sun, 24 Jul 2022 15:41:48 GMT] 'POST /v1/auth/request-password' 500 64 'PostmanRuntime/7.29.0'
[Sun, 24 Jul 2022 15:42:55 GMT] 'POST /v1/auth/request-password' 500 64 'PostmanRuntime/7.29.0'
[Sun, 24 Jul 2022 16:04:44 GMT] 'POST /v1/auth/request-password' 500 64 'PostmanRuntime/7.29.0'
[Sun, 24 Jul 2022 16:07:03 GMT] 'POST /v1/auth/request-password' 500 64 'PostmanRuntime/7.29.0'
[Sun, 24 Jul 2022 16:07:47 GMT] 'POST /v1/auth/request-password' 500 64 'PostmanRuntime/7.29.0'
[Sun, 24 Jul 2022 16:08:21 GMT] 'POST /v1/auth/request-password' 500 64 'PostmanRuntime/7.29.0'
[Sun, 24 Jul 2022 16:09:19 GMT] 'POST /v1/auth/request-password' 500 64 'PostmanRuntime/7.29.0'
[Sun, 24 Jul 2022 16:09:36 GMT] 'POST /v1/auth/request-password' 500 64 'PostmanRuntime/7.29.0'
[Sun, 24 Jul 2022 16:11:18 GMT] 'POST /v1/auth/request-password' 500 64 'PostmanRuntime/7.29.0'
[Sun, 24 Jul 2022 16:11:46 GMT] 'POST /v1/auth/request-password' 500 64 'PostmanRuntime/7.29.0'
[Sun, 24 Jul 2022 16:12:52 GMT] 'POST /v1/auth/request-password' 500 64 'PostmanRuntime/7.29.0'
[Sun, 24 Jul 2022 16:15:16 GMT] 'POST /v1/auth/request-password' 500 64 'PostmanRuntime/7.29.0'
[Sun, 24 Jul 2022 16:18:25 GMT] 'POST /v1/auth/request-password' 500 64 'PostmanRuntime/7.29.0'
[Sun, 24 Jul 2022 20:27:13 GMT] 'POST /v1/auth/request-password' 500 64 'PostmanRuntime/7.29.0'
[Sun, 24 Jul 2022 20:28:12 GMT] 'POST /v1/auth/request-password' 500 64 'PostmanRuntime/7.29.0'
[Sun, 24 Jul 2022 20:28:39 GMT] 'POST /v1/auth/request-password' 500 64 'PostmanRuntime/7.29.0'
[Sun, 24 Jul 2022 20:30:25 GMT] 'POST /v1/auth/request-password' 500 64 'PostmanRuntime/7.29.0'
[Sun, 24 Jul 2022 20:31:19 GMT] 'POST /v1/auth/request-password' 500 64 'PostmanRuntime/7.29.0'
[Sun, 24 Jul 2022 20:35:46 GMT] 'POST /v1/auth/request-password' 500 64 'PostmanRuntime/7.29.0'
[Sun, 24 Jul 2022 20:39:19 GMT] 'POST /v1/auth/request-password' 500 64 'PostmanRuntime/7.29.0'
[Sun, 24 Jul 2022 20:40:42 GMT] 'POST /v1/auth/request-password' 500 64 'PostmanRuntime/7.29.0'
[Sun, 24 Jul 2022 20:42:19 GMT] 'POST /v1/auth/request-password' 500 64 'PostmanRuntime/7.29.0'
[Sun, 24 Jul 2022 20:44:22 GMT] 'POST /v1/auth/request-password' 500 64 'PostmanRuntime/7.29.0'
[Sun, 24 Jul 2022 20:45:59 GMT] 'POST /v1/auth/request-password' 500 64 'PostmanRuntime/7.29.0'
[Sun, 24 Jul 2022 20:46:30 GMT] 'POST /v1/auth/request-password' 500 64 'PostmanRuntime/7.29.0'
[Sun, 24 Jul 2022 20:49:38 GMT] 'POST /v1/auth/request-password' 500 64 'PostmanRuntime/7.29.0'
[Sun, 24 Jul 2022 20:50:54 GMT] 'POST /v1/auth/request-password' 500 64 'PostmanRuntime/7.29.0'
[Mon, 25 Jul 2022 06:35:37 GMT] 'POST /v1/auth/request-password' 500 64 'PostmanRuntime/7.29.0'
[Mon, 25 Jul 2022 06:38:04 GMT] 'POST /v1/auth/request-password' 500 64 'PostmanRuntime/7.29.0'
[Mon, 25 Jul 2022 06:42:46 GMT] 'POST /v1/auth/request-password' 500 64 'PostmanRuntime/7.29.0'
[Mon, 25 Jul 2022 06:43:41 GMT] 'POST /v1/auth/request-password' 500 64 'PostmanRuntime/7.29.0'
[Mon, 25 Jul 2022 06:44:24 GMT] 'POST /v1/auth/request-password' 500 64 'PostmanRuntime/7.29.0'
[Mon, 25 Jul 2022 06:44:59 GMT] 'POST /v1/auth/request-password' 500 64 'PostmanRuntime/7.29.0'
[Mon, 25 Jul 2022 06:49:38 GMT] 'POST /v1/auth/request-password' 500 64 'PostmanRuntime/7.29.0'
[Mon, 25 Jul 2022 06:50:43 GMT] 'POST /v1/auth/request-password' 500 64 'PostmanRuntime/7.29.0'
[Mon, 25 Jul 2022 06:52:28 GMT] 'POST /v1/auth/request-password' 500 64 'PostmanRuntime/7.29.0'
[Mon, 25 Jul 2022 06:53:20 GMT] 'POST /v1/auth/request-password' 500 64 'PostmanRuntime/7.29.0'
[Mon, 25 Jul 2022 06:53:57 GMT] 'POST /v1/auth/request-password' 500 64 'PostmanRuntime/7.29.0'
[Mon, 25 Jul 2022 06:54:35 GMT] 'POST /v1/auth/request-password' 500 64 'PostmanRuntime/7.29.0'
[Mon, 25 Jul 2022 06:58:29 GMT] 'POST /v1/auth/request-password' 500 64 'PostmanRuntime/7.29.0'
[Mon, 25 Jul 2022 06:58:56 GMT] 'POST /v1/auth/request-password' 500 64 'PostmanRuntime/7.29.0'
[Mon, 25 Jul 2022 07:03:35 GMT] 'POST /v1/auth/request-password' 500 64 'PostmanRuntime/7.29.0'
[Mon, 25 Jul 2022 07:04:28 GMT] 'POST /v1/auth/request-password' 500 64 'PostmanRuntime/7.29.0'
[Mon, 25 Jul 2022 07:05:13 GMT] 'POST /v1/auth/request-password' 500 64 'PostmanRuntime/7.29.0'
[Mon, 25 Jul 2022 07:07:02 GMT] 'POST /v1/auth/request-password' 500 64 'PostmanRuntime/7.29.0'
[Mon, 25 Jul 2022 08:10:23 GMT] 'POST /v1/auth/request-password' 409 130 'PostmanRuntime/7.29.0'
[Mon, 25 Jul 2022 11:51:44 GMT] 'POST /v1/auth/reset-password/' 404 61 'PostmanRuntime/7.29.0'
[Thu, 28 Jul 2022 00:02:16 GMT] 'POST /v1/auth/reset-password' 401 65 'PostmanRuntime/7.29.0'
[Thu, 28 Jul 2022 06:05:00 GMT] 'POST /v1/auth/reset-password' 401 114 'PostmanRuntime/7.29.0'
[Thu, 28 Jul 2022 06:06:13 GMT] 'POST /v1/auth/reset-password' 500 64 'PostmanRuntime/7.29.0'
[Thu, 28 Jul 2022 06:11:08 GMT] 'POST /v1/auth/reset-password' 401 114 'PostmanRuntime/7.29.0'
[Thu, 28 Jul 2022 06:12:07 GMT] 'POST /v1/auth/reset-password' 500 64 'PostmanRuntime/7.29.0'
[Thu, 28 Jul 2022 06:21:01 GMT] 'POST /v1/auth/reset-password' 401 114 'PostmanRuntime/7.29.0'
[Tue, 02 Aug 2022 02:55:11 GMT] 'POST /v1/auth/login' 422 122 'PostmanRuntime/7.29.0'
[Tue, 02 Aug 2022 07:47:01 GMT] 'POST /v1/auth/logout' 500 64 'PostmanRuntime/7.29.0'
[Tue, 02 Aug 2022 07:48:29 GMT] 'POST /v1/auth/logout' 500 64 'PostmanRuntime/7.29.0'
[Tue, 02 Aug 2022 07:53:26 GMT] 'POST /v1/auth/logout' 500 64 'PostmanRuntime/7.29.0'
[Tue, 02 Aug 2022 07:58:33 GMT] 'POST /v1/auth/logout' 401 63 'PostmanRuntime/7.29.0'
[Tue, 02 Aug 2022 07:59:12 GMT] 'POST /v1/auth/login' 422 122 'PostmanRuntime/7.29.0'
[Tue, 02 Aug 2022 08:04:32 GMT] 'POST /v1/auth/logout' 403 68 'PostmanRuntime/7.29.0'
[Tue, 02 Aug 2022 08:07:31 GMT] 'POST /v1/auth/logout' 403 68 'PostmanRuntime/7.29.0'
[Tue, 02 Aug 2022 08:08:50 GMT] 'POST /v1/auth/logout' 403 68 'PostmanRuntime/7.29.0'
[Tue, 02 Aug 2022 09:28:28 GMT] 'POST /v1/auth/login' 500 64 'PostmanRuntime/7.29.0'
[Tue, 02 Aug 2022 09:41:16 GMT] 'POST /v1/auth/login' 500 64 'PostmanRuntime/7.29.0'
[Tue, 02 Aug 2022 09:46:39 GMT] 'POST /v1/auth/login' 500 64 'PostmanRuntime/7.29.0'
[Tue, 02 Aug 2022 09:47:10 GMT] 'POST /v1/auth/login' 500 64 'PostmanRuntime/7.29.0'
[Wed, 03 Aug 2022 04:31:21 GMT] 'POST /v1/auth/logout' 403 68 'PostmanRuntime/7.29.0'
[Wed, 03 Aug 2022 04:32:31 GMT] 'POST /v1/auth/logout' 403 68 'PostmanRuntime/7.29.0'
[Wed, 03 Aug 2022 07:52:01 GMT] 'POST /v1/auth/logout' 403 68 'PostmanRuntime/7.29.0'
[Wed, 03 Aug 2022 07:52:29 GMT] 'POST /v1/auth/logout' 403 68 'PostmanRuntime/7.29.0'
[Wed, 03 Aug 2022 07:57:08 GMT] 'POST /v1/auth/logout' 403 68 'PostmanRuntime/7.29.0'
[Wed, 03 Aug 2022 07:57:33 GMT] 'POST /v1/auth/logout' 401 63 'PostmanRuntime/7.29.0'
[Wed, 03 Aug 2022 07:58:30 GMT] 'POST /v1/auth/logout' 401 63 'PostmanRuntime/7.29.0'
[Wed, 03 Aug 2022 07:58:53 GMT] 'POST /v1/auth/logout' 403 68 'PostmanRuntime/7.29.0'
[Wed, 03 Aug 2022 08:00:58 GMT] 'POST /v1/auth/logout' 401 63 'PostmanRuntime/7.29.0'
[Wed, 03 Aug 2022 08:01:27 GMT] 'POST /v1/auth/logout' 401 63 'PostmanRuntime/7.29.0'
[Wed, 03 Aug 2022 08:06:25 GMT] 'POST /v1/auth/logout' 500 64 'PostmanRuntime/7.29.0'
[Wed, 03 Aug 2022 08:07:39 GMT] 'POST /v1/auth/logout' 403 68 'PostmanRuntime/7.29.0'
[Wed, 03 Aug 2022 08:09:18 GMT] 'POST /v1/auth/logout' 401 63 'PostmanRuntime/7.29.0'
[Wed, 03 Aug 2022 08:09:55 GMT] 'POST /v1/auth/logout' 403 68 'PostmanRuntime/7.29.0'
[Wed, 03 Aug 2022 08:15:37 GMT] 'POST /v1/auth/logout' 401 63 'PostmanRuntime/7.29.0'
[Wed, 03 Aug 2022 08:15:44 GMT] 'POST /v1/auth/logout' 401 63 'PostmanRuntime/7.29.0'
[Wed, 03 Aug 2022 08:15:51 GMT] 'POST /v1/auth/logout' 401 63 'PostmanRuntime/7.29.0'
[Wed, 03 Aug 2022 08:16:05 GMT] 'POST /v1/auth/logout' 401 63 'PostmanRuntime/7.29.0'
[Wed, 03 Aug 2022 08:19:44 GMT] 'POST /v1/auth/logout' 401 63 'PostmanRuntime/7.29.0'
[Wed, 03 Aug 2022 08:24:40 GMT] 'POST /v1/auth/logout' 401 63 'PostmanRuntime/7.29.0'
[Wed, 03 Aug 2022 16:26:50 GMT] 'POST /v1/auth/logout' 401 63 'PostmanRuntime/7.29.0'
[Wed, 03 Aug 2022 21:49:54 GMT] 'POST /v1/login' 404 61 'Mozilla/5.0 (Macintosh; Intel Mac OS X 10_15_7) AppleWebKit/537.36 (KHTML, like Gecko) Chrome/98.0.4758.109 Safari/537.36'
[Wed, 03 Aug 2022 21:50:45 GMT] 'POST /v1/auth/login' 422 122 'Mozilla/5.0 (Macintosh; Intel Mac OS X 10_15_7) AppleWebKit/537.36 (KHTML, like Gecko) Chrome/98.0.4758.109 Safari/537.36'
[Wed, 03 Aug 2022 21:53:04 GMT] 'POST /v1/auth/login' 422 122 'Mozilla/5.0 (Macintosh; Intel Mac OS X 10_15_7) AppleWebKit/537.36 (KHTML, like Gecko) Chrome/98.0.4758.109 Safari/537.36'
[Wed, 03 Aug 2022 21:54:45 GMT] 'POST /v1/auth/login' 422 122 'Mozilla/5.0 (Macintosh; Intel Mac OS X 10_15_7) AppleWebKit/537.36 (KHTML, like Gecko) Chrome/98.0.4758.109 Safari/537.36'
[Wed, 03 Aug 2022 21:55:13 GMT] 'POST /v1/auth/login' 422 122 'Mozilla/5.0 (Macintosh; Intel Mac OS X 10_15_7) AppleWebKit/537.36 (KHTML, like Gecko) Chrome/98.0.4758.109 Safari/537.36'
[Wed, 03 Aug 2022 21:55:59 GMT] 'POST /v1/auth/login' 422 122 'Mozilla/5.0 (Macintosh; Intel Mac OS X 10_15_7) AppleWebKit/537.36 (KHTML, like Gecko) Chrome/98.0.4758.109 Safari/537.36'
[Wed, 03 Aug 2022 21:56:59 GMT] 'POST /v1/auth/login' 422 122 'Mozilla/5.0 (Macintosh; Intel Mac OS X 10_15_7) AppleWebKit/537.36 (KHTML, like Gecko) Chrome/98.0.4758.109 Safari/537.36'
[Wed, 03 Aug 2022 21:58:18 GMT] 'POST /v1/auth/login' 422 122 'Mozilla/5.0 (Macintosh; Intel Mac OS X 10_15_7) AppleWebKit/537.36 (KHTML, like Gecko) Chrome/98.0.4758.109 Safari/537.36'
[Wed, 03 Aug 2022 22:00:03 GMT] 'POST /v1/auth/login' 409 117 'Mozilla/5.0 (Macintosh; Intel Mac OS X 10_15_7) AppleWebKit/537.36 (KHTML, like Gecko) Chrome/98.0.4758.109 Safari/537.36'
[Wed, 03 Aug 2022 22:00:47 GMT] 'POST /v1/auth/login' 409 117 'Mozilla/5.0 (Macintosh; Intel Mac OS X 10_15_7) AppleWebKit/537.36 (KHTML, like Gecko) Chrome/98.0.4758.109 Safari/537.36'
[Thu, 04 Aug 2022 20:17:44 GMT] 'POST /v1/auth/login' 401 102 'Mozilla/5.0 (Macintosh; Intel Mac OS X 10_15_7) AppleWebKit/537.36 (KHTML, like Gecko) Chrome/98.0.4758.109 Safari/537.36'
[Thu, 04 Aug 2022 20:17:44 GMT] 'POST /v1/auth/login' 401 102 'Mozilla/5.0 (Macintosh; Intel Mac OS X 10_15_7) AppleWebKit/537.36 (KHTML, like Gecko) Chrome/98.0.4758.109 Safari/537.36'
[Thu, 04 Aug 2022 20:21:38 GMT] 'POST /v1/auth/login' 401 102 'Mozilla/5.0 (Macintosh; Intel Mac OS X 10_15_7) AppleWebKit/537.36 (KHTML, like Gecko) Chrome/98.0.4758.109 Safari/537.36'
[Thu, 04 Aug 2022 20:21:44 GMT] 'POST /v1/auth/login' 401 102 'Mozilla/5.0 (Macintosh; Intel Mac OS X 10_15_7) AppleWebKit/537.36 (KHTML, like Gecko) Chrome/98.0.4758.109 Safari/537.36'
[Thu, 04 Aug 2022 20:21:44 GMT] 'POST /v1/auth/login' 401 102 'Mozilla/5.0 (Macintosh; Intel Mac OS X 10_15_7) AppleWebKit/537.36 (KHTML, like Gecko) Chrome/98.0.4758.109 Safari/537.36'
[Thu, 04 Aug 2022 20:22:15 GMT] 'POST /v1/auth/login' 401 102 'Mozilla/5.0 (Macintosh; Intel Mac OS X 10_15_7) AppleWebKit/537.36 (KHTML, like Gecko) Chrome/98.0.4758.109 Safari/537.36'
[Thu, 04 Aug 2022 20:22:21 GMT] 'POST /v1/auth/login' 401 102 'Mozilla/5.0 (Macintosh; Intel Mac OS X 10_15_7) AppleWebKit/537.36 (KHTML, like Gecko) Chrome/98.0.4758.109 Safari/537.36'
[Thu, 04 Aug 2022 20:22:25 GMT] 'POST /v1/auth/login' 401 102 'Mozilla/5.0 (Macintosh; Intel Mac OS X 10_15_7) AppleWebKit/537.36 (KHTML, like Gecko) Chrome/98.0.4758.109 Safari/537.36'
[Thu, 04 Aug 2022 20:24:51 GMT] 'POST /v1/auth/login' 401 102 'Mozilla/5.0 (Macintosh; Intel Mac OS X 10_15_7) AppleWebKit/537.36 (KHTML, like Gecko) Chrome/98.0.4758.109 Safari/537.36'
[Thu, 04 Aug 2022 20:25:04 GMT] 'POST /v1/auth/login' 401 102 'Mozilla/5.0 (Macintosh; Intel Mac OS X 10_15_7) AppleWebKit/537.36 (KHTML, like Gecko) Chrome/98.0.4758.109 Safari/537.36'
[Thu, 04 Aug 2022 20:25:43 GMT] 'POST /v1/auth/login' 401 102 'Mozilla/5.0 (Macintosh; Intel Mac OS X 10_15_7) AppleWebKit/537.36 (KHTML, like Gecko) Chrome/98.0.4758.109 Safari/537.36'
[Thu, 04 Aug 2022 20:26:16 GMT] 'POST /v1/auth/login' 401 102 'Mozilla/5.0 (Macintosh; Intel Mac OS X 10_15_7) AppleWebKit/537.36 (KHTML, like Gecko) Chrome/98.0.4758.109 Safari/537.36'
[Thu, 04 Aug 2022 23:14:08 GMT] 'POST /v1/auth/login' 401 102 'Mozilla/5.0 (Macintosh; Intel Mac OS X 10_15_7) AppleWebKit/537.36 (KHTML, like Gecko) Chrome/98.0.4758.109 Safari/537.36'
[Thu, 04 Aug 2022 23:14:09 GMT] 'POST /v1/auth/login' 401 102 'Mozilla/5.0 (Macintosh; Intel Mac OS X 10_15_7) AppleWebKit/537.36 (KHTML, like Gecko) Chrome/98.0.4758.109 Safari/537.36'
[Thu, 04 Aug 2022 23:14:19 GMT] 'POST /v1/auth/login' 401 102 'Mozilla/5.0 (Macintosh; Intel Mac OS X 10_15_7) AppleWebKit/537.36 (KHTML, like Gecko) Chrome/98.0.4758.109 Safari/537.36'
[Thu, 04 Aug 2022 23:14:19 GMT] 'POST /v1/auth/login' 401 102 'Mozilla/5.0 (Macintosh; Intel Mac OS X 10_15_7) AppleWebKit/537.36 (KHTML, like Gecko) Chrome/98.0.4758.109 Safari/537.36'
[Thu, 04 Aug 2022 23:14:25 GMT] 'POST /v1/auth/login' 401 102 'Mozilla/5.0 (Macintosh; Intel Mac OS X 10_15_7) AppleWebKit/537.36 (KHTML, like Gecko) Chrome/98.0.4758.109 Safari/537.36'
[Thu, 04 Aug 2022 23:15:20 GMT] 'POST /v1/auth/login' 401 102 'Mozilla/5.0 (Macintosh; Intel Mac OS X 10_15_7) AppleWebKit/537.36 (KHTML, like Gecko) Chrome/98.0.4758.109 Safari/537.36'
[Thu, 04 Aug 2022 23:19:04 GMT] 'POST /v1/auth/login' 401 102 'Mozilla/5.0 (Macintosh; Intel Mac OS X 10_15_7) AppleWebKit/537.36 (KHTML, like Gecko) Chrome/98.0.4758.109 Safari/537.36'
[Fri, 05 Aug 2022 08:52:16 GMT] 'POST /v1/auth/login' 401 102 'Mozilla/5.0 (Macintosh; Intel Mac OS X 10_15_7) AppleWebKit/537.36 (KHTML, like Gecko) Chrome/98.0.4758.109 Safari/537.36'
[Fri, 05 Aug 2022 08:52:16 GMT] 'POST /v1/auth/login' 401 102 'Mozilla/5.0 (Macintosh; Intel Mac OS X 10_15_7) AppleWebKit/537.36 (KHTML, like Gecko) Chrome/98.0.4758.109 Safari/537.36'
[Fri, 05 Aug 2022 08:52:27 GMT] 'POST /v1/auth/login' 401 102 'Mozilla/5.0 (Macintosh; Intel Mac OS X 10_15_7) AppleWebKit/537.36 (KHTML, like Gecko) Chrome/98.0.4758.109 Safari/537.36'
[Fri, 05 Aug 2022 08:52:27 GMT] 'POST /v1/auth/login' 401 102 'Mozilla/5.0 (Macintosh; Intel Mac OS X 10_15_7) AppleWebKit/537.36 (KHTML, like Gecko) Chrome/98.0.4758.109 Safari/537.36'
[Fri, 05 Aug 2022 08:52:29 GMT] 'POST /v1/auth/login' 401 102 'Mozilla/5.0 (Macintosh; Intel Mac OS X 10_15_7) AppleWebKit/537.36 (KHTML, like Gecko) Chrome/98.0.4758.109 Safari/537.36'
[Fri, 05 Aug 2022 09:11:05 GMT] 'POST /v1/auth/login' 401 102 'Mozilla/5.0 (Macintosh; Intel Mac OS X 10_15_7) AppleWebKit/537.36 (KHTML, like Gecko) Chrome/98.0.4758.109 Safari/537.36'
[Fri, 05 Aug 2022 09:11:05 GMT] 'POST /v1/auth/login' 401 102 'Mozilla/5.0 (Macintosh; Intel Mac OS X 10_15_7) AppleWebKit/537.36 (KHTML, like Gecko) Chrome/98.0.4758.109 Safari/537.36'
